15.0000	15.0000	0.0000	0.0000	-1.5000	0.0000
15.0000	14.9806	0.0194	0.0019	0.0019	0.0233
15.0000	14.9617	0.0383	0.0058	0.0019	0.0460
15.0000	14.9433	0.0567	0.0114	0.0018	0.0700
15.0000	14.9253	0.0747	0.0189	0.0018	0.0954
15.0000	14.9077	0.0923	0.0281	0.0018	0.1221
15.0000	14.8907	0.1093	0.0391	0.0017	0.1501
15.0000	14.8740	0.1260	0.0517	0.0017	0.1793
15.0000	14.8579	0.1421	0.0659	0.0016	0.2096
15.0000	14.8421	0.1579	0.0817	0.0016	0.2411
15.0000	14.8268	0.1732	0.0990	0.0015	0.2737
15.0000	14.8120	0.1880	0.1178	0.0015	0.3073
15.0000	14.7975	0.2025	0.1380	0.0014	0.3419
15.0000	14.7835	0.2165	0.1597	0.0014	0.3775
15.0000	14.7700	0.2300	0.1827	0.0014	0.4141
15.0000	14.7568	0.2432	0.2070	0.0013	0.4515
15.0000	14.7440	0.2560	0.2326	0.0013	0.4898
15.0000	14.7317	0.2683	0.2594	0.0012	0.5290
15.0000	14.7198	0.2802	0.2875	0.0012	0.5689
15.0000	14.7082	0.2918	0.3166	0.0012	0.6095
15.0000	14.6971	0.3029	0.3469	0.0011	0.6509
15.0000	14.6864	0.3136	0.3783	0.0011	0.6930
15.0000	14.6760	0.3240	0.4107	0.0010	0.7357
15.0000	14.6660	0.3340	0.4441	0.0010	0.7790
15.0000	14.6564	0.3436	0.4784	0.0010	0.8229
15.0000	14.6472	0.3528	0.5137	0.0009	0.8674
15.0000	14.6384	0.3616	0.5499	0.0009	0.9124
15.0000	14.6299	0.3701	0.5869	0.0008	0.9579
15.0000	14.6217	0.3783	0.6247	0.0008	1.0038
15.0000	14.6140	0.3860	0.6633	0.0008	1.0501
15.0000	14.6065	0.3935	0.7027	0.0007	1.0969
15.0000	14.5994	0.4006	0.7427	0.0007	1.1440
15.0000	14.5927	0.4073	0.7834	0.0007	1.1914
15.0000	14.5863	0.4137	0.8248	0.0006	1.2392
15.0000	14.5802	0.4198	0.8668	0.0006	1.2872
15.0000	14.5744	0.4256	0.9094	0.0006	1.3355
15.0000	14.5690	0.4310	0.9525	0.0005	1.3841
15.0000	14.5638	0.4362	0.9961	0.0005	1.4328
15.0000	14.5590	0.4410	1.0402	0.0005	1.4817
15.0000	14.5545	0.4455	1.0847	0.0005	1.5307
15.0000	14.5502	0.4498	1.1297	0.0004	1.5799
15.0000	14.5463	0.4537	1.1751	0.0004	1.6292
15.0000	14.5426	0.4574	1.2208	0.0004	1.6786
15.0000	14.5392	0.4608	1.2669	0.0003	1.7280
15.0000	14.5361	0.4639	1.3133	0.0003	1.7774
15.0000	14.5333	0.4667	1.3600	0.0003	1.8269
15.0000	14.5308	0.4692	1.4069	0.0003	1.8764
15.0000	14.5285	0.4715	1.4540	0.0002	1.9258
15.0000	14.5264	0.4736	1.5014	0.0002	1.9752
15.0000	14.5246	0.4754	1.5489	0.0002	2.0245
15.0000	14.5231	0.4769	1.5966	0.0002	2.0737
15.0000	14.5217	0.4783	1.6445	0.0001	2.1228
15.0000	14.5207	0.4793	1.6924	0.0001	2.1718
15.0000	14.5198	0.4802	1.7404	0.0001	2.2207
15.0000	14.5192	0.4808	1.7885	0.0001	2.2694
15.0000	14.5188	0.4812	1.8366	0.0000	2.3179
15.0000	14.5186	0.4814	1.8848	0.0000	2.3662
15.0000	14.5186	0.4814	1.9329	-0.0000	2.4143
15.0000	14.5188	0.4812	1.9810	-0.0000	2.4622
15.0000	14.5192	0.4808	2.0291	-0.0000	2.5098
15.0000	14.5199	0.4801	2.0771	-0.0001	2.5572
15.0000	14.5207	0.4793	2.1250	-0.0001	2.6043
15.0000	14.5216	0.4784	2.1729	-0.0001	2.6511
15.0000	14.5228	0.4772	2.2206	-0.0001	2.6977
15.0000	14.5242	0.4758	2.2682	-0.0001	2.7439
15.0000	14.5257	0.4743	2.3156	-0.0002	2.7898
15.0000	14.5274	0.4726	2.3629	-0.0002	2.8354
15.0000	14.5292	0.4708	2.4100	-0.0002	2.8806
15.0000	14.5312	0.4688	2.4568	-0.0002	2.9254
15.0000	14.5333	0.4667	2.5035	-0.0002	2.9699
15.0000	14.5356	0.4644	2.5499	-0.0002	3.0141
15.0000	14.5381	0.4619	2.5961	-0.0002	3.0578
15.0000	14.5407	0.4593	2.6421	-0.0003	3.1011
15.0000	14.5434	0.4566	2.6877	-0.0003	3.1441
15.0000	14.5462	0.4538	2.7331	-0.0003	3.1866
15.0000	14.5492	0.4508	2.7782	-0.0003	3.2287
15.0000	14.5523	0.4477	2.8229	-0.0003	3.2703
15.0000	14.5555	0.4445	2.8674	-0.0003	3.3116
15.0000	14.5588	0.4412	2.9115	-0.0003	3.3524
15.0000	14.5623	0.4377	2.9553	-0.0003	3.3927
15.0000	14.5658	0.4342	2.9987	-0.0004	3.4326
15.0000	14.5694	0.4306	3.0418	-0.0004	3.4720
15.0000	14.5732	0.4268	3.0844	-0.0004	3.5109
15.0000	14.5770	0.4230	3.1267	-0.0004	3.5494
15.0000	14.5809	0.4191	3.1687	-0.0004	3.5873
15.0000	14.5849	0.4151	3.2102	-0.0004	3.6248
15.0000	14.5890	0.4110	3.2513	-0.0004	3.6618
15.0000	14.5932	0.4068	3.2919	-0.0004	3.6983
15.0000	14.5974	0.4026	3.3322	-0.0004	3.7344
15.0000	14.6017	0.3983	3.3720	-0.0004	3.7699
15.0000	14.6061	0.3939	3.4114	-0.0004	3.8049
15.0000	14.6105	0.3895	3.4504	-0.0004	3.8394
15.0000	14.6150	0.3850	3.4889	-0.0005	3.8734
15.0000	14.6196	0.3804	3.5269	-0.0005	3.9068
15.0000	14.6242	0.3758	3.5645	-0.0005	3.9398
15.0000	14.6289	0.3711	3.6016	-0.0005	3.9722
15.0000	14.6336	0.3664	3.6382	-0.0005	4.0042
15.0000	14.6384	0.3616	3.6744	-0.0005	4.0356
15.0000	14.6432	0.3568	3.7101	-0.0005	4.0664
15.0000	14.6480	0.3520	3.7453	-0.0005	4.0968
15.0000	14.6529	0.3471	3.7800	-0.0005	4.1266
15.0000	14.6578	0.3422	3.8142	-0.0005	4.1560
15.0000	14.6627	0.3373	3.8479	-0.0005	4.1848
15.0000	14.6677	0.3323	3.8812	-0.0005	4.2130
15.0000	14.6726	0.3274	3.9139	-0.0005	4.2408
15.0000	14.6777	0.3223	3.9461	-0.0005	4.2680
15.0000	14.6827	0.3173	3.9779	-0.0005	4.2947
15.0000	14.6877	0.3123	4.0091	-0.0005	4.3209
15.0000	14.6928	0.3072	4.0398	-0.0005	4.3466
15.0000	14.6978	0.3022	4.0700	-0.0005	4.3717
15.0000	14.7029	0.2971	4.0998	-0.0005	4.3963
15.0000	14.7080	0.2920	4.1290	-0.0005	4.4204
15.0000	14.7131	0.2869	4.1576	-0.0005	4.4441
15.0000	14.7182	0.2818	4.1858	-0.0005	4.4671
15.0000	14.7233	0.2767	4.2135	-0.0005	4.4897
15.0000	14.7283	0.2717	4.2407	-0.0005	4.5118
15.0000	14.7334	0.2666	4.2673	-0.0005	4.5334
15.0000	14.7385	0.2615	4.2935	-0.0005	4.5545
15.0000	14.7436	0.2564	4.3191	-0.0005	4.5751
15.0000	14.7486	0.2514	4.3443	-0.0005	4.5951
15.0000	14.7537	0.2463	4.3689	-0.0005	4.6147
15.0000	14.7587	0.2413	4.3930	-0.0005	4.6338
15.0000	14.7637	0.2363	4.4167	-0.0005	4.6525
15.0000	14.7687	0.2313	4.4398	-0.0005	4.6706
15.0000	14.7737	0.2263	4.4624	-0.0005	4.6883
15.0000	14.7786	0.2214	4.4846	-0.0005	4.7054
15.0000	14.7835	0.2165	4.5062	-0.0005	4.7222
15.0000	14.7885	0.2115	4.5274	-0.0005	4.7384
15.0000	14.7933	0.2067	4.5480	-0.0005	4.7542
15.0000	14.7982	0.2018	4.5682	-0.0005	4.7695
15.0000	14.8030	0.1970	4.5879	-0.0005	4.7844
15.0000	14.8078	0.1922	4.6071	-0.0005	4.7988
15.0000	14.8126	0.1874	4.6259	-0.0005	4.8128
15.0000	14.8173	0.1827	4.6441	-0.0005	4.8264
15.0000	14.8220	0.1780	4.6619	-0.0005	4.8395
15.0000	14.8266	0.1734	4.6793	-0.0005	4.8522
15.0000	14.8313	0.1687	4.6961	-0.0005	4.8644
15.0000	14.8359	0.1641	4.7126	-0.0005	4.8762
15.0000	14.8404	0.1596	4.7285	-0.0005	4.8877
15.0000	14.8449	0.1551	4.7440	-0.0005	4.8987
15.0000	14.8494	0.1506	4.7591	-0.0004	4.9093
15.0000	14.8538	0.1462	4.7737	-0.0004	4.9195
15.0000	14.8582	0.1418	4.7879	-0.0004	4.9293
15.0000	14.8625	0.1375	4.8016	-0.0004	4.9387
15.0000	14.8668	0.1332	4.8150	-0.0004	4.9477
15.0000	14.8711	0.1289	4.8279	-0.0004	4.9564
15.0000	14.8753	0.1247	4.8403	-0.0004	4.9646
15.0000	14.8794	0.1206	4.8524	-0.0004	4.9725
15.0000	14.8835	0.1165	4.8640	-0.0004	4.9801
15.0000	14.8876	0.1124	4.8753	-0.0004	4.9873
15.0000	14.8916	0.1084	4.8861	-0.0004	4.9941
15.0000	14.8956	0.1044	4.8965	-0.0004	5.0006
15.0000	14.8995	0.1005	4.9066	-0.0004	5.0067
15.0000	14.9034	0.0966	4.9163	-0.0004	5.0125
15.0000	14.9072	0.0928	4.9255	-0.0004	5.0180
15.0000	14.9110	0.0890	4.9344	-0.0004	5.0231
15.0000	14.9147	0.0853	4.9430	-0.0004	5.0279
15.0000	14.9183	0.0817	4.9511	-0.0004	5.0324
15.0000	14.9220	0.0780	4.9589	-0.0004	5.0366
15.0000	14.9255	0.0745	4.9664	-0.0004	5.0405
15.0000	14.9290	0.0710	4.9735	-0.0004	5.0441
15.0000	14.9325	0.0675	4.9802	-0.0003	5.0474
15.0000	14.9359	0.0641	4.9866	-0.0003	5.0504
15.0000	14.9392	0.0608	4.9927	-0.0003	5.0532
15.0000	14.9425	0.0575	4.9985	-0.0003	5.0556
15.0000	14.9458	0.0542	5.0039	-0.0003	5.0578
15.0000	14.9490	0.0510	5.0090	-0.0003	5.0597
15.0000	14.9521	0.0479	5.0138	-0.0003	5.0614
15.0000	14.9552	0.0448	5.0183	-0.0003	5.0628
15.0000	14.9582	0.0418	5.0225	-0.0003	5.0639
15.0000	14.9612	0.0388	5.0263	-0.0003	5.0649
15.0000	14.9641	0.0359	5.0299	-0.0003	5.0655
15.0000	14.9670	0.0330	5.0332	-0.0003	5.0660
15.0000	14.9698	0.0302	5.0362	-0.0003	5.0662
15.0000	14.9725	0.0275	5.0390	-0.0003	5.0662
15.0000	14.9752	0.0248	5.0415	-0.0003	5.0660
15.0000	14.9779	0.0221	5.0437	-0.0003	5.0655
15.0000	14.9805	0.0195	5.0456	-0.0003	5.0649
15.0000	14.9830	0.0170	5.0473	-0.0003	5.0640
15.0000	14.9855	0.0145	5.0488	-0.0002	5.0630
15.0000	14.9880	0.0120	5.0500	-0.0002	5.0618
15.0000	14.9904	0.0096	5.0509	-0.0002	5.0603
15.0000	14.9927	0.0073	5.0517	-0.0002	5.0587
15.0000	14.9950	0.0050	5.0522	-0.0002	5.0570
15.0000	14.9972	0.0028	5.0525	-0.0002	5.0550
15.0000	14.9994	0.0006	5.0525	-0.0002	5.0529
15.0000	15.0015	-0.0015	5.0524	-0.0002	5.0506
15.0000	15.0036	-0.0036	5.0520	-0.0002	5.0482
15.0000	15.0056	-0.0056	5.0514	-0.0002	5.0456
15.0000	15.0076	-0.0076	5.0507	-0.0002	5.0429
15.0000	15.0095	-0.0095	5.0497	-0.0002	5.0400
15.0000	15.0114	-0.0114	5.0486	-0.0002	5.0370
15.0000	15.0132	-0.0132	5.0473	-0.0002	5.0338
15.0000	15.0150	-0.0150	5.0458	-0.0002	5.0306
15.0000	15.0167	-0.0167	5.0441	-0.0002	5.0272
15.0000	15.0184	-0.0184	5.0422	-0.0002	5.0236
15.0000	15.0201	-0.0201	5.0402	-0.0002	5.0200
15.0000	15.0217	-0.0217	5.0381	-0.0002	5.0163
15.0000	15.0232	-0.0232	5.0358	-0.0002	5.0124
15.0000	15.0247	-0.0247	5.0333	-0.0001	5.0084
15.0000	15.0261	-0.0261	5.0307	-0.0001	5.0044
15.0000	15.0275	-0.0275	5.0279	-0.0001	5.0002
15.0000	15.0289	-0.0289	5.0250	-0.0001	4.9960
15.0000	15.0302	-0.0302	5.0220	-0.0001	4.9917
15.0000	15.0315	-0.0315	5.0189	-0.0001	4.9872
15.0000	15.0327	-0.0327	5.0156	-0.0001	4.9828
15.0000	15.0339	-0.0339	5.0122	-0.0001	4.9782
15.0000	15.0350	-0.0350	5.0087	-0.0001	4.9735
15.0000	15.0361	-0.0361	5.0051	-0.0001	4.9688
15.0000	15.0372	-0.0372	5.0014	-0.0001	4.9641
15.0000	15.0382	-0.0382	4.9975	-0.0001	4.9592
15.0000	15.0392	-0.0392	4.9936	-0.0001	4.9543
15.0000	15.0401	-0.0401	4.9896	-0.0001	4.9494
15.0000	15.0410	-0.0410	4.9855	-0.0001	4.9444
15.0000	15.0419	-0.0419	4.9813	-0.0001	4.9393
15.0000	15.0427	-0.0427	4.9770	-0.0001	4.9342
15.0000	15.0435	-0.0435	4.9727	-0.0001	4.9291
15.0000	15.0442	-0.0442	4.9683	-0.0001	4.9239
15.0000	15.0450	-0.0450	4.9638	-0.0001	4.9187
15.0000	15.0456	-0.0456	4.9592	-0.0001	4.9135
15.0000	15.0463	-0.0463	4.9546	-0.0001	4.9082
15.0000	15.0469	-0.0469	4.9499	-0.0001	4.9030
15.0000	15.0474	-0.0474	4.9451	-0.0001	4.8976
15.0000	15.0480	-0.0480	4.9404	-0.0001	4.8923
15.0000	15.0485	-0.0485	4.9355	-0.0001	4.8870
15.0000	15.0490	-0.0490	4.9306	-0.0000	4.8816
15.0000	15.0494	-0.0494	4.9257	-0.0000	4.8762
15.0000	15.0498	-0.0498	4.9207	-0.0000	4.8708
15.0000	15.0502	-0.0502	4.9157	-0.0000	4.8655
15.0000	15.0505	-0.0505	4.9106	-0.0000	4.8601
15.0000	15.0508	-0.0508	4.9055	-0.0000	4.8547
15.0000	15.0511	-0.0511	4.9004	-0.0000	4.8493
15.0000	15.0514	-0.0514	4.8953	-0.0000	4.8439
15.0000	15.0516	-0.0516	4.8901	-0.0000	4.8385
15.0000	15.0518	-0.0518	4.8849	-0.0000	4.8331
15.0000	15.0520	-0.0520	4.8797	-0.0000	4.8277
15.0000	15.0522	-0.0522	4.8745	-0.0000	4.8224
15.0000	15.0523	-0.0523	4.8693	-0.0000	4.8170
15.0000	15.0524	-0.0524	4.8641	-0.0000	4.8117
15.0000	15.0525	-0.0525	4.8588	-0.0000	4.8063
15.0000	15.0525	-0.0525	4.8536	-0.0000	4.8010
15.0000	15.0525	-0.0525	4.8483	-0.0000	4.7958
15.0000	15.0525	-0.0525	4.8431	-0.0000	4.7905
15.0000	15.0525	-0.0525	4.8378	0.0000	4.7853
15.0000	15.0525	-0.0525	4.8326	0.0000	4.7801
15.0000	15.0524	-0.0524	4.8273	0.0000	4.7749
15.0000	15.0523	-0.0523	4.8221	0.0000	4.7697
15.0000	15.0522	-0.0522	4.8169	0.0000	4.7646
15.0000	15.0521	-0.0521	4.8116	0.0000	4.7595
15.0000	15.0520	-0.0520	4.8064	0.0000	4.7545
15.0000	15.0518	-0.0518	4.8013	0.0000	4.7495
15.0000	15.0516	-0.0516	4.7961	0.0000	4.7445
15.0000	15.0514	-0.0514	4.7910	0.0000	4.7395
15.0000	15.0512	-0.0512	4.7858	0.0000	4.7346
15.0000	15.0510	-0.0510	4.7807	0.0000	4.7298
15.0000	15.0507	-0.0507	4.7757	0.0000	4.7249
15.0000	15.0505	-0.0505	4.7706	0.0000	4.7202
15.0000	15.0502	-0.0502	4.7656	0.0000	4.7154
15.0000	15.0499	-0.0499	4.7606	0.0000	4.7107
15.0000	15.0496	-0.0496	4.7556	0.0000	4.7061
15.0000	15.0493	-0.0493	4.7507	0.0000	4.7015
15.0000	15.0490	-0.0490	4.7458	0.0000	4.6969
15.0000	15.0486	-0.0486	4.7410	0.0000	4.6924
15.0000	15.0482	-0.0482	4.7361	0.0000	4.6879
15.0000	15.0479	-0.0479	4.7313	0.0000	4.6835
15.0000	15.0475	-0.0475	4.7266	0.0000	4.6791
15.0000	15.0471	-0.0471	4.7219	0.0000	4.6748
15.0000	15.0467	-0.0467	4.7172	0.0000	4.6706
15.0000	15.0463	-0.0463	4.7126	0.0000	4.6663
15.0000	15.0459	-0.0459	4.7080	0.0000	4.6622
15.0000	15.0454	-0.0454	4.7035	0.0000	4.6581
15.0000	15.0450	-0.0450	4.6990	0.0000	4.6540
15.0000	15.0445	-0.0445	4.6945	0.0000	4.6500
15.0000	15.0441	-0.0441	4.6901	0.0000	4.6461
15.0000	15.0436	-0.0436	4.6857	0.0000	4.6422
15.0000	15.0431	-0.0431	4.6814	0.0000	4.6384
15.0000	15.0426	-0.0426	4.6772	0.0000	4.6346
15.0000	15.0421	-0.0421	4.6729	0.0000	4.6308
15.0000	15.0417	-0.0417	4.6688	0.0000	4.6272
15.0000	15.0412	-0.0412	4.6647	0.0001	4.6236
15.0000	15.0406	-0.0406	4.6606	0.0001	4.6200
15.0000	15.0401	-0.0401	4.6566	0.0001	4.6165
15.0000	15.0396	-0.0396	4.6526	0.0001	4.6131
15.0000	15.0391	-0.0391	4.6487	0.0001	4.6097
15.0000	15.0386	-0.0386	4.6449	0.0001	4.6064
15.0000	15.0380	-0.0380	4.6411	0.0001	4.6031
15.0000	15.0375	-0.0375	4.6373	0.0001	4.5999
15.0000	15.0370	-0.0370	4.6336	0.0001	4.5967
15.0000	15.0364	-0.0364	4.6300	0.0001	4.5936
15.0000	15.0359	-0.0359	4.6264	0.0001	4.5906
15.0000	15.0353	-0.0353	4.6229	0.0001	4.5876
15.0000	15.0348	-0.0348	4.6194	0.0001	4.5847
15.0000	15.0342	-0.0342	4.6160	0.0001	4.5818
15.0000	15.0337	-0.0337	4.6126	0.0001	4.5790
15.0000	15.0331	-0.0331	4.6093	0.0001	4.5762
15.0000	15.0326	-0.0326	4.6060	0.0001	4.5735
15.0000	15.0320	-0.0320	4.6028	0.0001	4.5708
15.0000	15.0315	-0.0315	4.5997	0.0001	4.5683
15.0000	15.0309	-0.0309	4.5966	0.0001	4.5657
15.0000	15.0304	-0.0304	4.5935	0.0001	4.5632
15.0000	15.0298	-0.0298	4.5906	0.0001	4.5608
15.0000	15.0292	-0.0292	4.5876	0.0001	4.5584
15.0000	15.0287	-0.0287	4.5848	0.0001	4.5561
15.0000	15.0281	-0.0281	4.5820	0.0001	4.5539
15.0000	15.0276	-0.0276	4.5792	0.0001	4.5517
15.0000	15.0270	-0.0270	4.5765	0.0001	4.5495
15.0000	15.0265	-0.0265	4.5738	0.0001	4.5474
15.0000	15.0259	-0.0259	4.5712	0.0001	4.5454
15.0000	15.0254	-0.0254	4.5687	0.0001	4.5434
15.0000	15.0248	-0.0248	4.5662	0.0001	4.5414
15.0000	15.0243	-0.0243	4.5638	0.0001	4.5395
15.0000	15.0238	-0.0238	4.5614	0.0001	4.5377
15.0000	15.0232	-0.0232	4.5591	0.0001	4.5359
15.0000	15.0227	-0.0227	4.5568	0.0001	4.5342
15.0000	15.0222	-0.0222	4.5546	0.0001	4.5325
15.0000	15.0216	-0.0216	4.5524	0.0001	4.5308
15.0000	15.0211	-0.0211	4.5503	0.0001	4.5293
15.0000	15.0206	-0.0206	4.5483	0.0001	4.5277
15.0000	15.0201	-0.0201	4.5463	0.0001	4.5262
15.0000	15.0196	-0.0196	4.5443	0.0001	4.5248
15.0000	15.0191	-0.0191	4.5424	0.0001	4.5234
15.0000	15.0186	-0.0186	4.5405	0.0001	4.5220
15.0000	15.0181	-0.0181	4.5387	0.0001	4.5207
15.0000	15.0176	-0.0176	4.5370	0.0000	4.5195
15.0000	15.0171	-0.0171	4.5353	0.0000	4.5183
15.0000	15.0166	-0.0166	4.5336	0.0000	4.5171
15.0000	15.0161	-0.0161	4.5320	0.0000	4.5160
15.0000	15.0156	-0.0156	4.5305	0.0000	4.5149
15.0000	15.0151	-0.0151	4.5289	0.0000	4.5139
15.0000	15.0147	-0.0147	4.5275	0.0000	4.5129
15.0000	15.0142	-0.0142	4.5261	0.0000	4.5119
15.0000	15.0137	-0.0137	4.5247	0.0000	4.5110
15.0000	15.0133	-0.0133	4.5233	0.0000	4.5101
15.0000	15.0128	-0.0128	4.5221	0.0000	4.5093
15.0000	15.0124	-0.0124	4.5208	0.0000	4.5085
15.0000	15.0120	-0.0120	4.5196	0.0000	4.5077
15.0000	15.0115	-0.0115	4.5185	0.0000	4.5070
15.0000	15.0111	-0.0111	4.5174	0.0000	4.5063
15.0000	15.0107	-0.0107	4.5163	0.0000	4.5057
15.0000	15.0102	-0.0102	4.5153	0.0000	4.5051
15.0000	15.0098	-0.0098	4.5143	0.0000	4.5045
15.0000	15.0094	-0.0094	4.5134	0.0000	4.5040
15.0000	15.0090	-0.0090	4.5125	0.0000	4.5035
15.0000	15.0086	-0.0086	4.5116	0.0000	4.5030
15.0000	15.0082	-0.0082	4.5108	0.0000	4.5026
15.0000	15.0079	-0.0079	4.5100	0.0000	4.5022
15.0000	15.0075	-0.0075	4.5092	0.0000	4.5018
15.0000	15.0071	-0.0071	4.5085	0.0000	4.5015
15.0000	15.0067	-0.0067	4.5078	0.0000	4.5011
15.0000	15.0064	-0.0064	4.5072	0.0000	4.5009
15.0000	15.0060	-0.0060	4.5066	0.0000	4.5006
15.0000	15.0057	-0.0057	4.5060	0.0000	4.5004
15.0000	15.0053	-0.0053	4.5055	0.0000	4.5002
15.0000	15.0050	-0.0050	4.5050	0.0000	4.5001
15.0000	15.0047	-0.0047	4.5045	0.0000	4.4999
15.0000	15.0043	-0.0043	4.5041	0.0000	4.4998
15.0000	15.0040	-0.0040	4.5037	0.0000	4.4997
15.0000	15.0037	-0.0037	4.5033	0.0000	4.4997
15.0000	15.0034	-0.0034	4.5030	0.0000	4.4996
15.0000	15.0031	-0.0031	4.5027	0.0000	4.4996
15.0000	15.0028	-0.0028	4.5024	0.0000	4.4997
15.0000	15.0025	-0.0025	4.5022	0.0000	4.4997
15.0000	15.0022	-0.0022	4.5019	0.0000	4.4998
15.0000	15.0019	-0.0019	4.5018	0.0000	4.4998
15.0000	15.0017	-0.0017	4.5016	0.0000	4.5000
15.0000	15.0014	-0.0014	4.5014	0.0000	4.5001
15.0000	15.0011	-0.0011	4.5013	0.0000	4.5002
15.0000	15.0009	-0.0009	4.5012	0.0000	4.5004
15.0000	15.0006	-0.0006	4.5012	0.0000	4.5006
15.0000	15.0004	-0.0004	4.5011	0.0000	4.5008
15.0000	15.0001	-0.0001	4.5011	0.0000	4.5010
15.0000	14.9999	0.0001	4.5011	0.0000	4.5013
15.0000	14.9997	0.0003	4.5012	0.0000	4.5015
15.0000	14.9995	0.0005	4.5012	0.0000	4.5018
15.0000	14.9992	0.0008	4.5013	0.0000	4.5021
15.0000	14.9990	0.0010	4.5014	0.0000	4.5024
15.0000	14.9988	0.0012	4.5015	0.0000	4.5027
15.0000	14.9986	0.0014	4.5017	0.0000	4.5031
15.0000	14.9984	0.0016	4.5018	0.0000	4.5034
15.0000	14.9982	0.0018	4.5020	0.0000	4.5038
15.0000	14.9980	0.0020	4.5022	0.0000	4.5042
15.0000	14.9979	0.0021	4.5024	0.0000	4.5046
15.0000	14.9977	0.0023	4.5026	0.0000	4.5050
15.0000	14.9975	0.0025	4.5029	0.0000	4.5054
15.0000	14.9974	0.0026	4.5032	0.0000	4.5058
15.0000	14.9972	0.0028	4.5034	0.0000	4.5063
15.0000	14.9970	0.0030	4.5037	0.0000	4.5067
15.0000	14.9969	0.0031	4.5040	0.0000	4.5072
15.0000	14.9967	0.0033	4.5044	0.0000	4.5076
15.0000	14.9966	0.0034	4.5047	0.0000	4.5081
15.0000	14.9965	0.0035	4.5051	0.0000	4.5086
15.0000	14.9963	0.0037	4.5054	0.0000	4.5091
20.0000	14.9962	5.0038	5.0058	0.0000	10.0096
20.0000	15.0195	4.9805	5.5039	-0.0023	10.4820
20.0000	15.0443	4.9557	5.9994	-0.0025	10.9526
20.0000	15.0707	4.9293	6.4924	-0.0026	11.4190
20.0000	15.0985	4.9015	6.9825	-0.0028	11.8812
20.0000	15.1278	4.8722	7.4697	-0.0029	12.3390
20.0000	15.1584	4.8416	7.9539	-0.0031	12.7924
20.0000	15.1904	4.8096	8.4348	-0.0032	13.2412
20.0000	15.2237	4.7763	8.9125	-0.0033	13.6855
20.0000	15.2582	4.7418	9.3866	-0.0035	14.1250
20.0000	15.2939	4.7061	9.8573	-0.0036	14.5598
20.0000	15.3308	4.6692	10.3242	-0.0037	14.9897
20.0000	15.3688	4.6312	10.7873	-0.0038	15.4147
20.0000	15.4078	4.5922	11.2465	-0.0039	15.8348
20.0000	15.4479	4.5521	11.7017	-0.0040	16.2498
20.0000	15.4890	4.5110	12.1528	-0.0041	16.6597
20.0000	15.5310	4.4690	12.5997	-0.0042	17.0645
20.0000	15.5739	4.4261	13.0423	-0.0043	17.4641
20.0000	15.6178	4.3822	13.4806	-0.0044	17.8584
20.0000	15.6624	4.3376	13.9143	-0.0045	18.2475
20.0000	15.7078	4.2922	14.3435	-0.0045	18.6312
20.0000	15.7540	4.2460	14.7681	-0.0046	19.0095
20.0000	15.8009	4.1991	15.1881	-0.0047	19.3825
20.0000	15.8484	4.1516	15.6032	-0.0048	19.7500
20.0000	15.8966	4.1034	16.0135	-0.0048	20.1121
20.0000	15.9455	4.0545	16.4190	-0.0049	20.4687
20.0000	15.9948	4.0052	16.8195	-0.0049	20.8197
20.0000	16.0448	3.9552	17.2150	-0.0050	21.1653
20.0000	16.0952	3.9048	17.6055	-0.0050	21.5053
20.0000	16.1461	3.8539	17.9909	-0.0051	21.8397
20.0000	16.1974	3.8026	18.3712	-0.0051	22.1686
20.0000	16.2491	3.7509	18.7463	-0.0052	22.4919
20.0000	16.3013	3.6987	19.1161	-0.0052	22.8097
20.0000	16.3537	3.6463	19.4808	-0.0052	23.1218
20.0000	16.4065	3.5935	19.8401	-0.0053	23.4284
20.0000	16.4595	3.5405	20.1942	-0.0053	23.7294
20.0000	16.5128	3.4872	20.5429	-0.0053	24.0248
20.0000	16.5663	3.4337	20.8863	-0.0054	24.3146
20.0000	16.6200	3.3800	21.2242	-0.0054	24.5988
20.0000	16.6739	3.3261	21.5569	-0.0054	24.8775
20.0000	16.7280	3.2720	21.8841	-0.0054	25.1507
20.0000	16.7821	3.2179	22.2059	-0.0054	25.4183
20.0000	16.8363	3.1637	22.5222	-0.0054	25.6805
20.0000	16.8906	3.1094	22.8332	-0.0054	25.9371
20.0000	16.9450	3.0550	23.1387	-0.0054	26.1883
20.0000	16.9993	3.0007	23.4387	-0.0054	26.4340
20.0000	17.0536	2.9464	23.7334	-0.0054	26.6743
20.0000	17.1080	2.8920	24.0226	-0.0054	26.9092
20.0000	17.1622	2.8378	24.3064	-0.0054	27.1387
20.0000	17.2164	2.7836	24.5847	-0.0054	27.3629
20.0000	17.2705	2.7295	24.8577	-0.0054	27.5818
20.0000	17.3244	2.6756	25.1252	-0.0054	27.7954
20.0000	17.3783	2.6217	25.3874	-0.0054	28.0037
20.0000	17.4320	2.5680	25.6442	-0.0054	28.2069
20.0000	17.4855	2.5145	25.8957	-0.0053	28.4049
20.0000	17.5388	2.4612	26.1418	-0.0053	28.5977
20.0000	17.5918	2.4082	26.3826	-0.0053	28.7854
20.0000	17.6447	2.3553	26.6181	-0.0053	28.9681
20.0000	17.6973	2.3027	26.8484	-0.0053	29.1458
20.0000	17.7497	2.2503	27.0734	-0.0052	29.3185
20.0000	17.8017	2.1983	27.2932	-0.0052	29.4863
20.0000	17.8535	2.1465	27.5079	-0.0052	29.6492
20.0000	17.9050	2.0950	27.7174	-0.0051	29.8073
20.0000	17.9561	2.0439	27.9218	-0.0051	29.9606
20.0000	18.0069	1.9931	28.1211	-0.0051	30.1091
20.0000	18.0574	1.9426	28.3154	-0.0050	30.2529
20.0000	18.1075	1.8925	28.5046	-0.0050	30.3922
20.0000	18.1572	1.8428	28.6889	-0.0050	30.5268
20.0000	18.2065	1.7935	28.8682	-0.0049	30.6569
20.0000	18.2554	1.7446	29.0427	-0.0049	30.7824
20.0000	18.3039	1.6961	29.2123	-0.0048	30.9036
20.0000	18.3519	1.6481	29.3771	-0.0048	31.0204
20.0000	18.3996	1.6004	29.5372	-0.0048	31.1328
20.0000	18.4468	1.5532	29.6925	-0.0047	31.2410
20.0000	18.4935	1.5065	29.8431	-0.0047	31.3450
20.0000	18.5398	1.4602	29.9892	-0.0046	31.4447
20.0000	18.5856	1.4144	30.1306	-0.0046	31.5404
20.0000	18.6309	1.3691	30.2675	-0.0045	31.6321
20.0000	18.6757	1.3243	30.3999	-0.0045	31.7197
20.0000	18.7201	1.2799	30.5279	-0.0044	31.8034
20.0000	18.7639	1.2361	30.6515	-0.0044	31.8832
20.0000	18.8072	1.1928	30.7708	-0.0043	31.9592
20.0000	18.8500	1.1500	30.8858	-0.0043	32.0315
20.0000	18.8923	1.1077	30.9966	-0.0042	32.1000
20.0000	18.9341	1.0659	31.1032	-0.0042	32.1649
20.0000	18.9753	1.0247	31.2056	-0.0041	32.2262
20.0000	19.0160	0.9840	31.3040	-0.0041	32.2840
20.0000	19.0561	0.9439	31.3984	-0.0040	32.3383
20.0000	19.0957	0.9043	31.4888	-0.0040	32.3892
20.0000	19.1348	0.8652	31.5754	-0.0039	32.4367
20.0000	19.1733	0.8267	31.6580	-0.0038	32.4809
20.0000	19.2112	0.7888	31.7369	-0.0038	32.5219
20.0000	19.2486	0.7514	31.8121	-0.0037	32.5598
20.0000	19.2854	0.7146	31.8835	-0.0037	32.5945
20.0000	19.3216	0.6784	31.9514	-0.0036	32.6261
20.0000	19.3573	0.6427	32.0156	-0.0036	32.6548
20.0000	19.3924	0.6076	32.0764	-0.0035	32.6805
20.0000	19.4269	0.5731	32.1337	-0.0035	32.7033
20.0000	19.4609	0.5391	32.1876	-0.0034	32.7233
20.0000	19.4943	0.5057	32.2382	-0.0033	32.7406
20.0000	19.5271	0.4729	32.2855	-0.0033	32.7551
20.0000	19.5593	0.4407	32.3295	-0.0032	32.7670
20.0000	19.5910	0.4090	32.3704	-0.0032	32.7763
20.0000	19.6221	0.3779	32.4082	-0.0031	32.7830
20.0000	19.6526	0.3474	32.4430	-0.0031	32.7873
20.0000	19.6826	0.3174	32.4747	-0.0030	32.7892
20.0000	19.7119	0.2881	32.5035	-0.0029	32.7886
20.0000	19.7407	0.2593	32.5294	-0.0029	32.7858
20.0000	19.7690	0.2310	32.5525	-0.0028	32.7808
20.0000	19.7966	0.2034	32.5729	-0.0028	32.7735
20.0000	19.8237	0.1763	32.5905	-0.0027	32.7641
20.0000	19.8503	0.1497	32.6055	-0.0027	32.7526
20.0000	19.8762	0.1238	32.6179	-0.0026	32.7390
20.0000	19.9016	0.0984	32.6277	-0.0025	32.7235
20.0000	19.9265	0.0735	32.6351	-0.0025	32.7061
20.0000	19.9508	0.0492	32.6400	-0.0024	32.6868
20.0000	19.9745	0.0255	32.6425	-0.0024	32.6657
20.0000	19.9977	0.0023	32.6428	-0.0023	32.6428
20.0000	20.0203	-0.0203	32.6407	-0.0023	32.6181
20.0000	20.0424	-0.0424	32.6365	-0.0022	32.5919
20.0000	20.0640	-0.0640	32.6301	-0.0022	32.5640
20.0000	20.0850	-0.0850	32.6216	-0.0021	32.5345
20.0000	20.1055	-0.1055	32.6110	-0.0020	32.5035
20.0000	20.1254	-0.1254	32.5985	-0.0020	32.4711
20.0000	20.1449	-0.1449	32.5840	-0.0019	32.4372
20.0000	20.1638	-0.1638	32.5676	-0.0019	32.4019
20.0000	20.1822	-0.1822	32.5494	-0.0018	32.3654
20.0000	20.2001	-0.2001	32.5294	-0.0018	32.3275
20.0000	20.2174	-0.2174	32.5077	-0.0017	32.2885
20.0000	20.2343	-0.2343	32.4842	-0.0017	32.2482
20.0000	20.2507	-0.2507	32.4592	-0.0016	32.2068
20.0000	20.2666	-0.2666	32.4325	-0.0016	32.1643
20.0000	20.2820	-0.2820	32.4043	-0.0015	32.1208
20.0000	20.2969	-0.2969	32.3746	-0.0015	32.0762
20.0000	20.3113	-0.3113	32.3435	-0.0014	32.0307
20.0000	20.3253	-0.3253	32.3110	-0.0014	31.9843
20.0000	20.3388	-0.3388	32.2771	-0.0013	31.9370
20.0000	20.3518	-0.3518	32.2419	-0.0013	31.8888
20.0000	20.3644	-0.3644	32.2055	-0.0013	31.8399
20.0000	20.3765	-0.3765	32.1678	-0.0012	31.7901
20.0000	20.3881	-0.3881	32.1290	-0.0012	31.7397
20.0000	20.3994	-0.3994	32.0891	-0.0011	31.6886
20.0000	20.4102	-0.4102	32.0481	-0.0011	31.6368
20.0000	20.4205	-0.4205	32.0060	-0.0010	31.5844
20.0000	20.4305	-0.4305	31.9630	-0.0010	31.5315
20.0000	20.4400	-0.4400	31.9190	-0.0010	31.4780
20.0000	20.4491	-0.4491	31.8740	-0.0009	31.4240
20.0000	20.4578	-0.4578	31.8283	-0.0009	31.3696
20.0000	20.4661	-0.4661	31.7816	-0.0008	31.3147
20.0000	20.4740	-0.4740	31.7342	-0.0008	31.2594
20.0000	20.4816	-0.4816	31.6861	-0.0008	31.2038
20.0000	20.4887	-0.4887	31.6372	-0.0007	31.1478
20.0000	20.4955	-0.4955	31.5877	-0.0007	31.0915
20.0000	20.5019	-0.5019	31.5375	-0.0006	31.0350
20.0000	20.5079	-0.5079	31.4867	-0.0006	30.9782
20.0000	20.5135	-0.5135	31.4353	-0.0006	30.9212
20.0000	20.5189	-0.5189	31.3835	-0.0005	30.8641
20.0000	20.5238	-0.5238	31.3311	-0.0005	30.8067
20.0000	20.5285	-0.5285	31.2782	-0.0005	30.7493
20.0000	20.5328	-0.5328	31.2249	-0.0004	30.6918
20.0000	20.5367	-0.5367	31.1713	-0.0004	30.6341
20.0000	20.5404	-0.5404	31.1172	-0.0004	30.5765
20.0000	20.5437	-0.5437	31.0629	-0.0003	30.5188
20.0000	20.5467	-0.5467	31.0082	-0.0003	30.4612
20.0000	20.5494	-0.5494	30.9533	-0.0003	30.4035
20.0000	20.5519	-0.5519	30.8981	-0.0002	30.3460
20.0000	20.5540	-0.5540	30.8427	-0.0002	30.2885
20.0000	20.5558	-0.5558	30.7871	-0.0002	30.2311
20.0000	20.5574	-0.5574	30.7313	-0.0002	30.1738
20.0000	20.5587	-0.5587	30.6755	-0.0001	30.1167
20.0000	20.5597	-0.5597	30.6195	-0.0001	30.0597
20.0000	20.5604	-0.5604	30.5635	-0.0001	30.0029
20.0000	20.5609	-0.5609	30.5074	-0.0000	29.9464
20.0000	20.5612	-0.5612	30.4513	-0.0000	29.8900
20.0000	20.5612	-0.5612	30.3951	-0.0000	29.8339
20.0000	20.5610	-0.5610	30.3390	0.0000	29.7781
20.0000	20.5605	-0.5605	30.2830	0.0000	29.7225
20.0000	20.5598	-0.5598	30.2270	0.0001	29.6673
20.0000	20.5589	-0.5589	30.1711	0.0001	29.6123
20.0000	20.5578	-0.5578	30.1153	0.0001	29.5577
20.0000	20.5564	-0.5564	30.0597	0.0001	29.5034
20.0000	20.5549	-0.5549	30.0042	0.0002	29.4495
20.0000	20.5531	-0.5531	29.9489	0.0002	29.3959
20.0000	20.5512	-0.5512	29.8938	0.0002	29.3428
20.0000	20.5491	-0.5491	29.8389	0.0002	29.2900
20.0000	20.5467	-0.5467	29.7842	0.0002	29.2377
20.0000	20.5443	-0.5443	29.7298	0.0002	29.1858
20.0000	20.5416	-0.5416	29.6756	0.0003	29.1343
20.0000	20.5388	-0.5388	29.6217	0.0003	29.0833
20.0000	20.5358	-0.5358	29.5682	0.0003	29.0327
20.0000	20.5326	-0.5326	29.5149	0.0003	28.9826
20.0000	20.5293	-0.5293	29.4620	0.0003	28.9330
20.0000	20.5259	-0.5259	29.4094	0.0003	28.8839
20.0000	20.5223	-0.5223	29.3571	0.0004	28.8352
20.0000	20.5185	-0.5185	29.3053	0.0004	28.7871
20.0000	20.5147	-0.5147	29.2538	0.0004	28.7395
20.0000	20.5107	-0.5107	29.2028	0.0004	28.6925
20.0000	20.5066	-0.5066	29.1521	0.0004	28.6459
20.0000	20.5024	-0.5024	29.1019	0.0004	28.5999
20.0000	20.4980	-0.4980	29.0521	0.0004	28.5545
20.0000	20.4936	-0.4936	29.0027	0.0004	28.5096
20.0000	20.4890	-0.4890	28.9538	0.0005	28.4653
20.0000	20.4843	-0.4843	28.9054	0.0005	28.4215
20.0000	20.4796	-0.4796	28.8574	0.0005	28.3783
20.0000	20.4747	-0.4747	28.8099	0.0005	28.3357
20.0000	20.4698	-0.4698	28.7629	0.0005	28.2936
20.0000	20.4648	-0.4648	28.7165	0.0005	28.2522
20.0000	20.4597	-0.4597	28.6705	0.0005	28.2113
20.0000	20.4545	-0.4545	28.6250	0.0005	28.1710
20.0000	20.4493	-0.4493	28.5801	0.0005	28.1314
20.0000	20.4440	-0.4440	28.5357	0.0005	28.0923
20.0000	20.4386	-0.4386	28.4919	0.0005	28.0538
20.0000	20.4332	-0.4332	28.4485	0.0005	28.0159
20.0000	20.4277	-0.4277	28.4058	0.0005	27.9786
20.0000	20.4221	-0.4221	28.3636	0.0006	27.9420
20.0000	20.4166	-0.4166	28.3219	0.0006	27.9059
20.0000	20.4109	-0.4109	28.2808	0.0006	27.8705
20.0000	20.4052	-0.4052	28.2403	0.0006	27.8356
20.0000	20.3995	-0.3995	28.2003	0.0006	27.8014
20.0000	20.3938	-0.3938	28.1610	0.0006	27.7677
20.0000	20.3880	-0.3880	28.1222	0.0006	27.7347
20.0000	20.3822	-0.3822	28.0839	0.0006	27.7023
20.0000	20.3764	-0.3764	28.0463	0.0006	27.6705
20.0000	20.3705	-0.3705	28.0093	0.0006	27.6393
20.0000	20.3646	-0.3646	27.9728	0.0006	27.6087
20.0000	20.3587	-0.3587	27.9369	0.0006	27.5788
20.0000	20.3528	-0.3528	27.9016	0.0006	27.5494
20.0000	20.3469	-0.3469	27.8669	0.0006	27.5206
20.0000	20.3410	-0.3410	27.8328	0.0006	27.4924
20.0000	20.3351	-0.3351	27.7993	0.0006	27.4649
20.0000	20.3291	-0.3291	27.7664	0.0006	27.4379
20.0000	20.3232	-0.3232	27.7341	0.0006	27.4115
20.0000	20.3173	-0.3173	27.7024	0.0006	27.3857
20.0000	20.3114	-0.3114	27.6712	0.0006	27.3605
20.0000	20.3054	-0.3054	27.6407	0.0006	27.3358
20.0000	20.2995	-0.2995	27.6107	0.0006	27.3118
20.0000	20.2936	-0.2936	27.5814	0.0006	27.2883
20.0000	20.2878	-0.2878	27.5526	0.0006	27.2654
20.0000	20.2819	-0.2819	27.5244	0.0006	27.2431
20.0000	20.2761	-0.2761	27.4968	0.0006	27.2213
20.0000	20.2702	-0.2702	27.4698	0.0006	27.2001
20.0000	20.2644	-0.2644	27.4433	0.0006	27.1795
20.0000	20.2587	-0.2587	27.4175	0.0006	27.1594
20.0000	20.2529	-0.2529	27.3922	0.0006	27.1398
20.0000	20.2472	-0.2472	27.3675	0.0006	27.1208
20.0000	20.2415	-0.2415	27.3433	0.0006	27.1024
20.0000	20.2358	-0.2358	27.3197	0.0006	27.0845
20.0000	20.2302	-0.2302	27.2967	0.0006	27.0671
20.0000	20.2246	-0.2246	27.2742	0.0006	27.0502
20.0000	20.2191	-0.2191	27.2523	0.0006	27.0338
20.0000	20.2135	-0.2135	27.2310	0.0006	27.0180
20.0000	20.2081	-0.2081	27.2102	0.0005	27.0027
20.0000	20.2026	-0.2026	27.1899	0.0005	26.9878
20.0000	20.1972	-0.1972	27.1702	0.0005	26.9735
20.0000	20.1919	-0.1919	27.1510	0.0005	26.9596
20.0000	20.1866	-0.1866	27.1323	0.0005	26.9463
20.0000	20.1813	-0.1813	27.1142	0.0005	26.9334
20.0000	20.1761	-0.1761	27.0966	0.0005	26.9210
20.0000	20.1709	-0.1709	27.0795	0.0005	26.9091
20.0000	20.1658	-0.1658	27.0629	0.0005	26.8976
20.0000	20.1608	-0.1608	27.0468	0.0005	26.8866
20.0000	20.1558	-0.1558	27.0313	0.0005	26.8760
20.0000	20.1508	-0.1508	27.0162	0.0005	26.8659
20.0000	20.1459	-0.1459	27.0016	0.0005	26.8562
20.0000	20.1410	-0.1410	26.9875	0.0005	26.8469
20.0000	20.1362	-0.1362	26.9739	0.0005	26.8381
20.0000	20.1315	-0.1315	26.9607	0.0005	26.8297
20.0000	20.1268	-0.1268	26.9480	0.0005	26.8217
20.0000	20.1222	-0.1222	26.9358	0.0005	26.8141
20.0000	20.1176	-0.1176	26.9241	0.0005	26.8069
20.0000	20.1131	-0.1131	26.9128	0.0005	26.8001
20.0000	20.1086	-0.1086	26.9019	0.0004	26.7937
20.0000	20.1042	-0.1042	26.8915	0.0004	26.7877
20.0000	20.0999	-0.0999	26.8815	0.0004	26.7820
20.0000	20.0956	-0.0956	26.8719	0.0004	26.7767
20.0000	20.0914	-0.0914	26.8628	0.0004	26.7718
20.0000	20.0872	-0.0872	26.8541	0.0004	26.7672
20.0000	20.0831	-0.0831	26.8457	0.0004	26.7630
20.0000	20.0791	-0.0791	26.8378	0.0004	26.7591
20.0000	20.0751	-0.0751	26.8303	0.0004	26.7556
20.0000	20.0712	-0.0712	26.8232	0.0004	26.7524
20.0000	20.0674	-0.0674	26.8165	0.0004	26.7495
20.0000	20.0636	-0.0636	26.8101	0.0004	26.7469
20.0000	20.0599	-0.0599	26.8041	0.0004	26.7446
20.0000	20.0562	-0.0562	26.7985	0.0004	26.7427
20.0000	20.0526	-0.0526	26.7932	0.0004	26.7410
20.0000	20.0491	-0.0491	26.7883	0.0004	26.7396
20.0000	20.0456	-0.0456	26.7838	0.0003	26.7385
20.0000	20.0422	-0.0422	26.7796	0.0003	26.7377
20.0000	20.0388	-0.0388	26.7757	0.0003	26.7372
20.0000	20.0356	-0.0356	26.7721	0.0003	26.7369
20.0000	20.0323	-0.0323	26.7689	0.0003	26.7369
20.0000	20.0292	-0.0292	26.7660	0.0003	26.7371
20.0000	20.0261	-0.0261	26.7634	0.0003	26.7376
20.0000	20.0230	-0.0230	26.7611	0.0003	26.7383
20.0000	20.0201	-0.0201	26.7590	0.0003	26.7393
20.0000	20.0171	-0.0171	26.7573	0.0003	26.7405
20.0000	20.0143	-0.0143	26.7559	0.0003	26.7419
20.0000	20.0115	-0.0115	26.7548	0.0003	26.7435
20.0000	20.0088	-0.0088	26.7539	0.0003	26.7454
20.0000	20.0061	-0.0061	26.7533	0.0003	26.7474
20.0000	20.0035	-0.0035	26.7529	0.0003	26.7497
20.0000	20.0010	-0.0010	26.7528	0.0003	26.7521
20.0000	19.9985	0.0015	26.7530	0.0002	26.7547
20.0000	19.9960	0.0040	26.7534	0.0002	26.7576
20.0000	19.9937	0.0063	26.7540	0.0002	26.7606
20.0000	19.9914	0.0086	26.7549	0.0002	26.7637
20.0000	19.9891	0.0109	26.7560	0.0002	26.7671
20.0000	19.9869	0.0131	26.7573	0.0002	26.7706
20.0000	19.9848	0.0152	26.7588	0.0002	26.7742
20.0000	19.9827	0.0173	26.7605	0.0002	26.7780
20.0000	19.9807	0.0193	26.7624	0.0002	26.7820
20.0000	19.9787	0.0213	26.7646	0.0002	26.7861
20.0000	19.9768	0.0232	26.7669	0.0002	26.7903
20.0000	19.9749	0.0251	26.7694	0.0002	26.7946
20.0000	19.9731	0.0269	26.7721	0.0002	26.7991
20.0000	19.9714	0.0286	26.7749	0.0002	26.8037
20.0000	19.9697	0.0303	26.7780	0.0002	26.8084
20.0000	19.9681	0.0319	26.7812	0.0002	26.8133
20.0000	19.9665	0.0335	26.7845	0.0002	26.8182
20.0000	19.9649	0.0351	26.7880	0.0002	26.8233
20.0000	19.9634	0.0366	26.7917	0.0001	26.8284
20.0000	19.9620	0.0380	26.7955	0.0001	26.8336
20.0000	19.9606	0.0394	26.7994	0.0001	26.8389
20.0000	19.9593	0.0407	26.8035	0.0001	26.8443
20.0000	19.9580	0.0420	26.8077	0.0001	26.8498
20.0000	19.9568	0.0432	26.8120	0.0001	26.8554
20.0000	19.9556	0.0444	26.8165	0.0001	26.8610
20.0000	19.9544	0.0456	26.8210	0.0001	26.8667
20.0000	19.9533	0.0467	26.8257	0.0001	26.8725
20.0000	19.9523	0.0477	26.8305	0.0001	26.8783
20.0000	19.9513	0.0487	26.8353	0.0001	26.8842
20.0000	19.9503	0.0497	26.8403	0.0001	26.8901
20.0000	19.9494	0.0506	26.8454	0.0001	26.8961
20.0000	19.9485	0.0515	26.8505	0.0001	26.9021
20.0000	19.9477	0.0523	26.8558	0.0001	26.9082
20.0000	19.9469	0.0531	26.8611	0.0001	26.9143
20.0000	19.9461	0.0539	26.8664	0.0001	26.9204
20.0000	19.9454	0.0546	26.8719	0.0001	26.9265
20.0000	19.9448	0.0552	26.8774	0.0001	26.9327
20.0000	19.9441	0.0559	26.8830	0.0001	26.9389
20.0000	19.9435	0.0565	26.8887	0.0001	26.9452
20.0000	19.9430	0.0570	26.8944	0.0001	26.9514
20.0000	19.9425	0.0575	26.9001	0.0001	26.9577
20.0000	19.9420	0.0580	26.9059	0.0000	26.9640
20.0000	19.9415	0.0585	26.9118	0.0000	26.9703
20.0000	19.9411	0.0589	26.9176	0.0000	26.9765
20.0000	19.9408	0.0592	26.9236	0.0000	26.9828
20.0000	19.9404	0.0596	26.9295	0.0000	26.9891
20.0000	19.9401	0.0599	26.9355	0.0000	26.9954
20.0000	19.9398	0.0602	26.9415	0.0000	27.0017
20.0000	19.9396	0.0604	26.9476	0.0000	27.0080
20.0000	19.9394	0.0606	26.9536	0.0000	27.0143
20.0000	19.9392	0.0608	26.9597	0.0000	27.0205
20.0000	19.9391	0.0609	26.9658	0.0000	27.0267
20.0000	19.9390	0.0610	26.9719	0.0000	27.0330
20.0000	19.9389	0.0611	26.9780	0.0000	27.0392
20.0000	19.9388	0.0612	26.9841	0.0000	27.0453
20.0000	19.9388	0.0612	26.9903	0.0000	27.0515
20.0000	19.9388	0.0612	26.9964	0.0000	27.0576
20.0000	19.9388	0.0612	27.0025	-0.0000	27.0637
20.0000	19.9388	0.0612	27.0086	-0.0000	27.0698
20.0000	19.9389	0.0611	27.0147	-0.0000	27.0758
20.0000	19.9390	0.0610	27.0208	-0.0000	27.0819
20.0000	19.9391	0.0609	27.0269	-0.0000	27.0878
20.0000	19.9392	0.0608	27.0330	-0.0000	27.0938
20.0000	19.9394	0.0606	27.0391	-0.0000	27.0997
20.0000	19.9396	0.0604	27.0451	-0.0000	27.1055
20.0000	19.9398	0.0602	27.0511	-0.0000	27.1113
20.0000	19.9400	0.0600	27.0571	-0.0000	27.1171
20.0000	19.9403	0.0597	27.0631	-0.0000	27.1228
20.0000	19.9405	0.0595	27.0691	-0.0000	27.1285
20.0000	19.9408	0.0592	27.0750	-0.0000	27.1341
20.0000	19.9411	0.0589	27.0809	-0.0000	27.1397
20.0000	19.9414	0.0586	27.0867	-0.0000	27.1453
20.0000	19.9418	0.0582	27.0925	-0.0000	27.1507
20.0000	19.9421	0.0579	27.0983	-0.0000	27.1562
20.0000	19.9425	0.0575	27.1041	-0.0000	27.1615
20.0000	19.9429	0.0571	27.1098	-0.0000	27.1669
20.0000	19.9433	0.0567	27.1155	-0.0000	27.1721
20.0000	19.9437	0.0563	27.1211	-0.0000	27.1773
20.0000	19.9441	0.0559	27.1267	-0.0000	27.1825
20.0000	19.9446	0.0554	27.1322	-0.0000	27.1876
20.0000	19.9450	0.0550	27.1377	-0.0000	27.1926
20.0000	19.9455	0.0545	27.1432	-0.0000	27.1976
20.0000	19.9460	0.0540	27.1486	-0.0000	27.2025
20.0000	19.9465	0.0535	27.1539	-0.0000	27.2074
20.0000	19.9470	0.0530	27.1592	-0.0001	27.2122
20.0000	19.9475	0.0525	27.1645	-0.0001	27.2169
20.0000	19.9480	0.0520	27.1697	-0.0001	27.2216
20.0000	19.9486	0.0514	27.1748	-0.0001	27.2262
20.0000	19.9491	0.0509	27.1799	-0.0001	27.2307
20.0000	19.9497	0.0503	27.1849	-0.0001	27.2352
20.0000	19.9502	0.0498	27.1899	-0.0001	27.2396
20.0000	19.9508	0.0492	27.1948	-0.0001	27.2439
20.0000	19.9514	0.0486	27.1997	-0.0001	27.2482
20.0000	19.9520	0.0480	27.2045	-0.0001	27.2525
20.0000	19.9526	0.0474	27.2092	-0.0001	27.2566
20.0000	19.9532	0.0468	27.2139	-0.0001	27.2607
20.0000	19.9538	0.0462	27.2185	-0.0001	27.2647
20.0000	19.9544	0.0456	27.2231	-0.0001	27.2687
20.0000	19.9550	0.0450	27.2276	-0.0001	27.2726
20.0000	19.9556	0.0444	27.2320	-0.0001	27.2764
20.0000	19.9562	0.0438	27.2364	-0.0001	27.2801
20.0000	19.9568	0.0432	27.2407	-0.0001	27.2838
20.0000	19.9575	0.0425	27.2450	-0.0001	27.2874
20.0000	19.9581	0.0419	27.2492	-0.0001	27.2910
20.0000	19.9587	0.0413	27.2533	-0.0001	27.2945
20.0000	19.9594	0.0406	27.2574	-0.0001	27.2979
20.0000	19.9600	0.0400	27.2614	-0.0001	27.3013
20.0000	19.9607	0.0393	27.2653	-0.0001	27.3046
20.0000	19.9613	0.0387	27.2692	-0.0001	27.3078
20.0000	19.9620	0.0380	27.2730	-0.0001	27.3109
20.0000	19.9626	0.0374	27.2767	-0.0001	27.3140
20.0000	19.9632	0.0368	27.2804	-0.0001	27.3171
20.0000	19.9639	0.0361	27.2840	-0.0001	27.3200
20.0000	19.9645	0.0355	27.2875	-0.0001	27.3229
20.0000	19.9652	0.0348	27.2910	-0.0001	27.3258
20.0000	19.9658	0.0342	27.2944	-0.0001	27.3285
20.0000	19.9665	0.0335	27.2978	-0.0001	27.3312
20.0000	19.9671	0.0329	27.3011	-0.0001	27.3339
20.0000	19.9678	0.0322	27.3043	-0.0001	27.3365
20.0000	19.9684	0.0316	27.3075	-0.0001	27.3390
20.0000	19.9691	0.0309	27.3105	-0.0001	27.3414
20.0000	19.9697	0.0303	27.3136	-0.0001	27.3438
20.0000	19.9703	0.0297	27.3165	-0.0001	27.3462
20.0000	19.9710	0.0290	27.3194	-0.0001	27.3484
20.0000	19.9716	0.0284	27.3223	-0.0001	27.3506
20.0000	19.9722	0.0278	27.3251	-0.0001	27.3528
20.0000	19.9728	0.0272	27.3278	-0.0001	27.3549
20.0000	19.9735	0.0265	27.3304	-0.0001	27.3569
20.0000	19.9741	0.0259	27.3330	-0.0001	27.3589
20.0000	19.9747	0.0253	27.3356	-0.0001	27.3608
20.0000	19.9753	0.0247	27.3380	-0.0001	27.3627
20.0000	19.9759	0.0241	27.3404	-0.0001	27.3645
20.0000	19.9765	0.0235	27.3428	-0.0001	27.3662
20.0000	19.9771	0.0229	27.3451	-0.0001	27.3679
20.0000	19.9777	0.0223	27.3473	-0.0001	27.3695
20.0000	19.9783	0.0217	27.3495	-0.0001	27.3711
20.0000	19.9789	0.0211	27.3516	-0.0001	27.3726
20.0000	19.9795	0.0205	27.3536	-0.0001	27.3741
20.0000	19.9800	0.0200	27.3556	-0.0001	27.3755
20.0000	19.9806	0.0194	27.3576	-0.0001	27.3769
20.0000	19.9812	0.0188	27.3594	-0.0001	27.3782
20.0000	19.9817	0.0183	27.3613	-0.0001	27.3795
20.0000	19.9823	0.0177	27.3630	-0.0001	27.3807
20.0000	19.9828	0.0172	27.3648	-0.0001	27.3819
20.0000	19.9834	0.0166	27.3664	-0.0001	27.3830
20.0000	19.9839	0.0161	27.3680	-0.0001	27.3840
20.0000	19.9845	0.0155	27.3696	-0.0001	27.3851
20.0000	19.9850	0.0150	27.3711	-0.0001	27.3860
20.0000	19.9855	0.0145	27.3725	-0.0001	27.3870
20.0000	19.9860	0.0140	27.3739	-0.0001	27.3879
20.0000	19.9865	0.0135	27.3753	-0.0001	27.3887
20.0000	19.9870	0.0130	27.3766	-0.0001	27.3895
20.0000	19.9875	0.0125	27.3778	-0.0000	27.3903
20.0000	19.9880	0.0120	27.3790	-0.0000	27.3910
20.0000	19.9885	0.0115	27.3802	-0.0000	27.3916
20.0000	19.9890	0.0110	27.3813	-0.0000	27.3923
20.0000	19.9894	0.0106	27.3823	-0.0000	27.3929
20.0000	19.9899	0.0101	27.3833	-0.0000	27.3934
20.0000	19.9904	0.0096	27.3843	-0.0000	27.3939
20.0000	19.9908	0.0092	27.3852	-0.0000	27.3944
20.0000	19.9912	0.0088	27.3861	-0.0000	27.3948
20.0000	19.9917	0.0083	27.3869	-0.0000	27.3952
20.0000	19.9921	0.0079	27.3877	-0.0000	27.3956
20.0000	19.9925	0.0075	27.3885	-0.0000	27.3959
20.0000	19.9929	0.0071	27.3892	-0.0000	27.3962
20.0000	19.9934	0.0066	27.3898	-0.0000	27.3964
20.0000	19.9938	0.0062	27.3905	-0.0000	27.3967
20.0000	19.9942	0.0058	27.3911	-0.0000	27.3969
20.0000	19.9945	0.0055	27.3916	-0.0000	27.3970
20.0000	19.9949	0.0051	27.3921	-0.0000	27.3971
20.0000	19.9953	0.0047	27.3926	-0.0000	27.3972
20.0000	19.9957	0.0043	27.3930	-0.0000	27.3973
20.0000	19.9960	0.0040	27.3934	-0.0000	27.3973
20.0000	19.9964	0.0036	27.3938	-0.0000	27.3974
20.0000	19.9967	0.0033	27.3941	-0.0000	27.3973
20.0000	19.9971	0.0029	27.3944	-0.0000	27.3973
20.0000	19.9974	0.0026	27.3946	-0.0000	27.3972
20.0000	19.9977	0.0023	27.3949	-0.0000	27.3971
20.0000	19.9980	0.0020	27.3951	-0.0000	27.3970
20.0000	19.9984	0.0016	27.3952	-0.0000	27.3969
20.0000	19.9987	0.0013	27.3954	-0.0000	27.3967
20.0000	19.9990	0.0010	27.3955	-0.0000	27.3965
20.0000	19.9993	0.0007	27.3955	-0.0000	27.3963
20.0000	19.9995	0.0005	27.3956	-0.0000	27.3960
20.0000	19.9998	0.0002	27.3956	-0.0000	27.3958
20.0000	20.0001	-0.0001	27.3956	-0.0000	27.3955
20.0000	20.0004	-0.0004	27.3956	-0.0000	27.3952
20.0000	20.0006	-0.0006	27.3955	-0.0000	27.3949
20.0000	20.0009	-0.0009	27.3954	-0.0000	27.3945
20.0000	20.0011	-0.0011	27.3953	-0.0000	27.3942
20.0000	20.0014	-0.0014	27.3952	-0.0000	27.3938
20.0000	20.0016	-0.0016	27.3950	-0.0000	27.3934
20.0000	20.0018	-0.0018	27.3948	-0.0000	27.3930
20.0000	20.0020	-0.0020	27.3946	-0.0000	27.3926
20.0000	20.0023	-0.0023	27.3944	-0.0000	27.3921
30.0000	20.0025	9.9975	28.3941	-0.0000	38.3917
30.0000	20.0495	9.9505	29.3892	-0.0047	39.3350
30.0000	20.0996	9.9004	30.3792	-0.0050	40.2746
30.0000	20.1527	9.8473	31.3640	-0.0053	41.2059
30.0000	20.2088	9.7912	32.3431	-0.0056	42.1287
30.0000	20.2677	9.7323	33.3163	-0.0059	43.0427
30.0000	20.3294	9.6706	34.2834	-0.0062	43.9478
30.0000	20.3937	9.6063	35.2440	-0.0064	44.8439
30.0000	20.4606	9.5394	36.1979	-0.0067	45.7307
30.0000	20.5299	9.4701	37.1450	-0.0069	46.6081
30.0000	20.6017	9.3983	38.0848	-0.0072	47.4759
30.0000	20.6757	9.3243	39.0172	-0.0074	48.3341
30.0000	20.7520	9.2480	39.9420	-0.0076	49.1824
30.0000	20.8304	9.1696	40.8590	-0.0078	50.0207
30.0000	20.9108	9.0892	41.7679	-0.0080	50.8490
30.0000	20.9932	9.0068	42.6686	-0.0082	51.6671
30.0000	21.0775	8.9225	43.5608	-0.0084	52.4748
30.0000	21.1636	8.8364	44.4444	-0.0086	53.2722
30.0000	21.2515	8.7485	45.3193	-0.0088	54.0591
30.0000	21.3409	8.6591	46.1852	-0.0089	54.8353
30.0000	21.4320	8.5680	47.0420	-0.0091	55.6009
30.0000	21.5245	8.4755	47.8896	-0.0093	56.3558
30.0000	21.6184	8.3816	48.7277	-0.0094	57.0999
30.0000	21.7137	8.2863	49.5563	-0.0095	57.8331
30.0000	21.8103	8.1897	50.3753	-0.0097	58.5554
30.0000	21.9081	8.0919	51.1845	-0.0098	59.2667
30.0000	22.0070	7.9930	51.9838	-0.0099	59.9670
30.0000	22.1069	7.8931	52.7731	-0.0100	60.6562
30.0000	22.2079	7.7921	53.5523	-0.0101	61.3344
30.0000	22.3098	7.6902	54.3214	-0.0102	62.0014
30.0000	22.4125	7.5875	55.0801	-0.0103	62.6573
30.0000	22.5161	7.4839	55.8285	-0.0104	63.3021
30.0000	22.6203	7.3797	56.5665	-0.0104	63.9357
30.0000	22.7253	7.2747	57.2939	-0.0105	64.5582
30.0000	22.8309	7.1691	58.0109	-0.0106	65.1694
30.0000	22.9370	7.0630	58.7172	-0.0106	65.7695
30.0000	23.0436	6.9564	59.4128	-0.0107	66.3585
30.0000	23.1507	6.8493	60.0977	-0.0107	66.9363
30.0000	23.2581	6.7419	60.7719	-0.0107	67.5030
30.0000	23.3659	6.6341	61.4353	-0.0108	68.0586
30.0000	23.4739	6.5261	62.0879	-0.0108	68.6032
30.0000	23.5822	6.4178	62.7297	-0.0108	69.1367
30.0000	23.6907	6.3093	63.3606	-0.0108	69.6591
30.0000	23.7992	6.2008	63.9807	-0.0109	70.1706
30.0000	23.9079	6.0921	64.5899	-0.0109	70.6712
30.0000	24.0165	5.9835	65.1883	-0.0109	71.1609
30.0000	24.1252	5.8748	65.7758	-0.0109	71.6397
30.0000	24.2337	5.7663	66.3524	-0.0109	72.1078
30.0000	24.3422	5.6578	66.9182	-0.0108	72.5651
30.0000	24.4505	5.5495	67.4731	-0.0108	73.0118
30.0000	24.5586	5.4414	68.0173	-0.0108	73.4478
30.0000	24.6665	5.3335	68.5506	-0.0108	73.8734
30.0000	24.7740	5.2260	69.0732	-0.0108	74.2884
30.0000	24.8813	5.1187	69.5851	-0.0107	74.6930
30.0000	24.9882	5.0118	70.0863	-0.0107	75.0873
30.0000	25.0947	4.9053	70.5768	-0.0107	75.4714
30.0000	25.2008	4.7992	71.0567	-0.0106	75.8453
30.0000	25.3064	4.6936	71.5260	-0.0106	76.2091
30.0000	25.4115	4.5885	71.9849	-0.0105	76.5628
30.0000	25.5161	4.4839	72.4333	-0.0105	76.9067
30.0000	25.6201	4.3799	72.8713	-0.0104	77.2407
30.0000	25.7236	4.2764	73.2989	-0.0103	77.5650
30.0000	25.8264	4.1736	73.7163	-0.0103	77.8796
30.0000	25.9285	4.0715	74.1234	-0.0102	78.1847
30.0000	26.0300	3.9700	74.5204	-0.0101	78.4803
30.0000	26.1307	3.8693	74.9074	-0.0101	78.7665
30.0000	26.2308	3.7692	75.2843	-0.0100	79.0435
30.0000	26.3300	3.6700	75.6513	-0.0099	79.3113
30.0000	26.4285	3.5715	76.0084	-0.0098	79.5701
30.0000	26.5262	3.4738	76.3558	-0.0098	79.8199
30.0000	26.6230	3.3770	76.6935	-0.0097	80.0608
30.0000	26.7190	3.2810	77.0216	-0.0096	80.2930
30.0000	26.8141	3.1859	77.3402	-0.0095	80.5166
30.0000	26.9083	3.0917	77.6494	-0.0094	80.7316
30.0000	27.0016	2.9984	77.9492	-0.0093	80.9382
30.0000	27.0940	2.9060	78.2398	-0.0092	81.1366
30.0000	27.1854	2.8146	78.5213	-0.0091	81.3267
30.0000	27.2759	2.7241	78.7937	-0.0090	81.5087
30.0000	27.3654	2.6346	79.0571	-0.0089	81.6828
30.0000	27.4539	2.5461	79.3117	-0.0088	81.8490
30.0000	27.5414	2.4586	79.5576	-0.0087	82.0075
30.0000	27.6278	2.3722	79.7948	-0.0086	82.1583
30.0000	27.7133	2.2867	80.0235	-0.0085	82.3017
30.0000	27.7977	2.2023	80.2437	-0.0084	82.4376
30.0000	27.8810	2.1190	80.4556	-0.0083	82.5663
30.0000	27.9633	2.0367	80.6593	-0.0082	82.6878
30.0000	28.0444	1.9556	80.8549	-0.0081	82.8023
30.0000	28.1245	1.8755	81.0424	-0.0080	82.9099
30.0000	28.2036	1.7964	81.2220	-0.0079	83.0106
30.0000	28.2815	1.7185	81.3939	-0.0078	83.1047
30.0000	28.3582	1.6418	81.5581	-0.0077	83.1922
30.0000	28.4339	1.5661	81.7147	-0.0076	83.2732
30.0000	28.5085	1.4915	81.8638	-0.0075	83.3479
30.0000	28.5819	1.4181	82.0057	-0.0073	83.4164
30.0000	28.6542	1.3458	82.1402	-0.0072	83.4788
30.0000	28.7253	1.2747	82.2677	-0.0071	83.5352
30.0000	28.7954	1.2046	82.3882	-0.0070	83.5858
30.0000	28.8642	1.1358	82.5017	-0.0069	83.6306
30.0000	28.9320	1.0680	82.6085	-0.0068	83.6698
30.0000	28.9986	1.0014	82.7087	-0.0067	83.7035
30.0000	29.0640	0.9360	82.8023	-0.0065	83.7317
30.0000	29.1283	0.8717	82.8895	-0.0064	83.7547
30.0000	29.1914	0.8086	82.9703	-0.0063	83.7726
30.0000	29.2534	0.7466	83.0450	-0.0062	83.7853
30.0000	29.3143	0.6857	83.1135	-0.0061	83.7932
30.0000	29.3740	0.6260	83.1762	-0.0060	83.7962
30.0000	29.4325	0.5675	83.2329	-0.0059	83.7945
30.0000	29.4900	0.5100	83.2839	-0.0057	83.7882
30.0000	29.5462	0.4538	83.3293	-0.0056	83.7774
30.0000	29.6014	0.3986	83.3691	-0.0055	83.7623
30.0000	29.6554	0.3446	83.4036	-0.0054	83.7428
30.0000	29.7082	0.2918	83.4328	-0.0053	83.7193
30.0000	29.7600	0.2400	83.4568	-0.0052	83.6916
30.0000	29.8106	0.1894	83.4757	-0.0051	83.6600
30.0000	29.8601	0.1399	83.4897	-0.0050	83.6246
30.0000	29.9085	0.0915	83.4989	-0.0048	83.5855
30.0000	29.9558	0.0442	83.5033	-0.0047	83.5427
30.0000	30.0020	-0.0020	83.5031	-0.0046	83.4964
30.0000	30.0471	-0.0471	83.4984	-0.0045	83.4467
30.0000	30.0912	-0.0912	83.4892	-0.0044	83.3937
30.0000	30.1341	-0.1341	83.4758	-0.0043	83.3374
30.0000	30.1760	-0.1760	83.4582	-0.0042	83.2781
30.0000	30.2168	-0.2168	83.4366	-0.0041	83.2157
30.0000	30.2565	-0.2565	83.4109	-0.0040	83.1504
30.0000	30.2952	-0.2952	83.3814	-0.0039	83.0823
30.0000	30.3329	-0.3329	83.3481	-0.0038	83.0114
30.0000	30.3695	-0.3695	83.3111	-0.0037	82.9380
30.0000	30.4051	-0.4051	83.2706	-0.0036	82.8619
30.0000	30.4397	-0.4397	83.2266	-0.0035	82.7835
30.0000	30.4733	-0.4733	83.1793	-0.0034	82.7026
30.0000	30.5059	-0.5059	83.1287	-0.0033	82.6195
30.0000	30.5375	-0.5375	83.0750	-0.0032	82.5343
30.0000	30.5682	-0.5682	83.0182	-0.0031	82.4469
30.0000	30.5978	-0.5978	82.9584	-0.0030	82.3576
30.0000	30.6265	-0.6265	82.8957	-0.0029	82.2663
30.0000	30.6543	-0.6543	82.8303	-0.0028	82.1732
30.0000	30.6811	-0.6811	82.7622	-0.0027	82.0783
30.0000	30.7071	-0.7071	82.6915	-0.0026	81.9818
30.0000	30.7320	-0.7320	82.6183	-0.0025	81.8837
30.0000	30.7561	-0.7561	82.5426	-0.0024	81.7841
30.0000	30.7793	-0.7793	82.4647	-0.0023	81.6830
30.0000	30.8017	-0.8017	82.3845	-0.0022	81.5806
30.0000	30.8231	-0.8231	82.3022	-0.0021	81.4770
30.0000	30.8437	-0.8437	82.2178	-0.0021	81.3721
30.0000	30.8635	-0.8635	82.1315	-0.0020	81.2661
30.0000	30.8824	-0.8824	82.0433	-0.0019	81.1590
30.0000	30.9005	-0.9005	81.9532	-0.0018	81.0509
30.0000	30.9178	-0.9178	81.8614	-0.0017	80.9419
30.0000	30.9343	-0.9343	81.7680	-0.0016	80.8321
30.0000	30.9500	-0.9500	81.6730	-0.0016	80.7215
30.0000	30.9649	-0.9649	81.5765	-0.0015	80.6101
30.0000	30.9791	-0.9791	81.4786	-0.0014	80.4981
30.0000	30.9925	-0.9925	81.3794	-0.0013	80.3856
30.0000	31.0051	-1.0051	81.2789	-0.0013	80.2724
30.0000	31.0171	-1.0171	81.1771	-0.0012	80.1589
30.0000	31.0283	-1.0283	81.0743	-0.0011	80.0449
30.0000	31.0388	-1.0388	80.9704	-0.0011	79.9305
30.0000	31.0487	-1.0487	80.8656	-0.0010	79.8159
30.0000	31.0578	-1.0578	80.7598	-0.0009	79.7010
30.0000	31.0663	-1.0663	80.6531	-0.0008	79.5860
30.0000	31.0742	-1.0742	80.5457	-0.0008	79.4708
30.0000	31.0814	-1.0814	80.4376	-0.0007	79.3555
30.0000	31.0879	-1.0879	80.3288	-0.0007	79.2402
30.0000	31.0939	-1.0939	80.2194	-0.0006	79.1249
30.0000	31.0992	-1.0992	80.1095	-0.0005	79.0097
30.0000	31.1040	-1.1040	79.9991	-0.0005	78.8946
30.0000	31.1081	-1.1081	79.8883	-0.0004	78.7797
30.0000	31.1117	-1.1117	79.7771	-0.0004	78.6650
30.0000	31.1148	-1.1148	79.6656	-0.0003	78.5505
30.0000	31.1173	-1.1173	79.5539	-0.0002	78.4364
30.0000	31.1192	-1.1192	79.4420	-0.0002	78.3225
30.0000	31.1207	-1.1207	79.3299	-0.0001	78.2091
30.0000	31.1216	-1.1216	79.2177	-0.0001	78.0961
30.0000	31.1220	-1.1220	79.1055	-0.0000	77.9835
30.0000	31.1220	-1.1220	78.9933	0.0000	77.8714
30.0000	31.1214	-1.1214	78.8812	0.0001	77.7598
30.0000	31.1204	-1.1204	78.7692	0.0001	77.6488
30.0000	31.1190	-1.1190	78.6573	0.0001	77.5385
30.0000	31.1171	-1.1171	78.5456	0.0002	77.4287
30.0000	31.1147	-1.1147	78.4341	0.0002	77.3196
30.0000	31.1120	-1.1120	78.3229	0.0003	77.2112
30.0000	31.1089	-1.1089	78.2120	0.0003	77.1035
30.0000	31.1053	-1.1053	78.1015	0.0004	76.9965
30.0000	31.1014	-1.1014	77.9913	0.0004	76.8904
30.0000	31.0971	-1.0971	77.8816	0.0004	76.7850
30.0000	31.0924	-1.0924	77.7724	0.0005	76.6805
30.0000	31.0874	-1.0874	77.6637	0.0005	76.5768
30.0000	31.0820	-1.0820	77.5555	0.0005	76.4740
30.0000	31.0763	-1.0763	77.4478	0.0006	76.3721
30.0000	31.0702	-1.0702	77.3408	0.0006	76.2712
30.0000	31.0639	-1.0639	77.2344	0.0006	76.1712
30.0000	31.0573	-1.0573	77.1287	0.0007	76.0721
30.0000	31.0503	-1.0503	77.0237	0.0007	75.9740
30.0000	31.0431	-1.0431	76.9194	0.0007	75.8770
30.0000	31.0356	-1.0356	76.8158	0.0007	75.7809
30.0000	31.0278	-1.0278	76.7130	0.0008	75.6859
30.0000	31.0198	-1.0198	76.6110	0.0008	75.5920
30.0000	31.0116	-1.0116	76.5099	0.0008	75.4991
30.0000	31.0031	-1.0031	76.4096	0.0008	75.4073
30.0000	30.9944	-0.9944	76.3101	0.0009	75.3166
30.0000	30.9854	-0.9854	76.2116	0.0009	75.2270
30.0000	30.9763	-0.9763	76.1139	0.0009	75.1386
30.0000	30.9670	-0.9670	76.0173	0.0009	75.0512
30.0000	30.9574	-0.9574	75.9215	0.0010	74.9650
30.0000	30.9477	-0.9477	75.8267	0.0010	74.8800
30.0000	30.9378	-0.9378	75.7330	0.0010	74.7961
30.0000	30.9278	-0.9278	75.6402	0.0010	74.7134
30.0000	30.9176	-0.9176	75.5484	0.0010	74.6319
30.0000	30.9072	-0.9072	75.4577	0.0010	74.5515
30.0000	30.8967	-0.8967	75.3680	0.0010	74.4724
30.0000	30.8861	-0.8861	75.2794	0.0011	74.3944
30.0000	30.8753	-0.8753	75.1919	0.0011	74.3176
30.0000	30.8644	-0.8644	75.1055	0.0011	74.2421
30.0000	30.8535	-0.8535	75.0201	0.0011	74.1678
30.0000	30.8424	-0.8424	74.9359	0.0011	74.0946
30.0000	30.8312	-0.8312	74.8528	0.0011	74.0227
30.0000	30.8199	-0.8199	74.7708	0.0011	73.9520
30.0000	30.8085	-0.8085	74.6899	0.0011	73.8825
30.0000	30.7971	-0.7971	74.6102	0.0011	73.8142
30.0000	30.7856	-0.7856	74.5316	0.0012	73.7472
30.0000	30.7740	-0.7740	74.4542	0.0012	73.6814
30.0000	30.7624	-0.7624	74.3780	0.0012	73.6167
30.0000	30.7508	-0.7508	74.3029	0.0012	73.5533
30.0000	30.7390	-0.7390	74.2290	0.0012	73.4912
30.0000	30.7273	-0.7273	74.1563	0.0012	73.4302
30.0000	30.7155	-0.7155	74.0847	0.0012	73.3704
30.0000	30.7037	-0.7037	74.0144	0.0012	73.3119
30.0000	30.6919	-0.6919	73.9452	0.0012	73.2545
30.0000	30.6800	-0.6800	73.8772	0.0012	73.1983
30.0000	30.6682	-0.6682	73.8104	0.0012	73.1434
30.0000	30.6563	-0.6563	73.7447	0.0012	73.0896
30.0000	30.6445	-0.6445	73.6803	0.0012	73.0370
30.0000	30.6326	-0.6326	73.6170	0.0012	72.9856
30.0000	30.6208	-0.6208	73.5549	0.0012	72.9354
30.0000	30.6089	-0.6089	73.4940	0.0012	72.8863
30.0000	30.5971	-0.5971	73.4343	0.0012	72.8384
30.0000	30.5854	-0.5854	73.3758	0.0012	72.7916
30.0000	30.5736	-0.5736	73.3184	0.0012	72.7460
30.0000	30.5619	-0.5619	73.2622	0.0012	72.7015
30.0000	30.5502	-0.5502	73.2072	0.0012	72.6582
30.0000	30.5386	-0.5386	73.1534	0.0012	72.6159
30.0000	30.5270	-0.5270	73.1007	0.0012	72.5748
30.0000	30.5155	-0.5155	73.0491	0.0012	72.5348
30.0000	30.5040	-0.5040	72.9987	0.0011	72.4959
30.0000	30.4925	-0.4925	72.9495	0.0011	72.4581
30.0000	30.4812	-0.4812	72.9014	0.0011	72.4213
30.0000	30.4699	-0.4699	72.8544	0.0011	72.3856
30.0000	30.4586	-0.4586	72.8085	0.0011	72.3510
30.0000	30.4475	-0.4475	72.7638	0.0011	72.3174
30.0000	30.4364	-0.4364	72.7201	0.0011	72.2849
30.0000	30.4253	-0.4253	72.6776	0.0011	72.2533
30.0000	30.4144	-0.4144	72.6361	0.0011	72.2228
30.0000	30.4036	-0.4036	72.5958	0.0011	72.1933
30.0000	30.3928	-0.3928	72.5565	0.0011	72.1648
30.0000	30.3821	-0.3821	72.5183	0.0011	72.1373
30.0000	30.3715	-0.3715	72.4812	0.0011	72.1107
30.0000	30.3610	-0.3610	72.4451	0.0010	72.0851
30.0000	30.3506	-0.3506	72.4100	0.0010	72.0604
30.0000	30.3403	-0.3403	72.3760	0.0010	72.0367
30.0000	30.3301	-0.3301	72.3430	0.0010	72.0139
30.0000	30.3200	-0.3200	72.3110	0.0010	71.9920
30.0000	30.3100	-0.3100	72.2800	0.0010	71.9710
30.0000	30.3001	-0.3001	72.2500	0.0010	71.9509
30.0000	30.2903	-0.2903	72.2209	0.0010	71.9316
30.0000	30.2806	-0.2806	72.1929	0.0010	71.9133
30.0000	30.2710	-0.2710	72.1658	0.0010	71.8957
30.0000	30.2615	-0.2615	72.1396	0.0009	71.8790
30.0000	30.2522	-0.2522	72.1144	0.0009	71.8632
30.0000	30.2429	-0.2429	72.0901	0.0009	71.8481
30.0000	30.2338	-0.2338	72.0667	0.0009	71.8338
30.0000	30.2248	-0.2248	72.0443	0.0009	71.8204
30.0000	30.2159	-0.2159	72.0227	0.0009	71.8077
30.0000	30.2071	-0.2071	72.0019	0.0009	71.7957
30.0000	30.1985	-0.1985	71.9821	0.0009	71.7845
30.0000	30.1899	-0.1899	71.9631	0.0009	71.7740
30.0000	30.1815	-0.1815	71.9450	0.0008	71.7643
30.0000	30.1732	-0.1732	71.9276	0.0008	71.7552
30.0000	30.1651	-0.1651	71.9111	0.0008	71.7469
30.0000	30.1570	-0.1570	71.8954	0.0008	71.7392
30.0000	30.1491	-0.1491	71.8805	0.0008	71.7322
30.0000	30.1413	-0.1413	71.8664	0.0008	71.7259
30.0000	30.1336	-0.1336	71.8530	0.0008	71.7202
30.0000	30.1261	-0.1261	71.8404	0.0008	71.7151
30.0000	30.1186	-0.1186	71.8286	0.0007	71.7107
30.0000	30.1113	-0.1113	71.8174	0.0007	71.7068
30.0000	30.1042	-0.1042	71.8070	0.0007	71.7036
30.0000	30.0971	-0.0971	71.7973	0.0007	71.7009
30.0000	30.0902	-0.0902	71.7883	0.0007	71.6988
30.0000	30.0834	-0.0834	71.7800	0.0007	71.6973
30.0000	30.0767	-0.0767	71.7723	0.0007	71.6962
30.0000	30.0702	-0.0702	71.7653	0.0007	71.6958
30.0000	30.0637	-0.0637	71.7589	0.0006	71.6958
30.0000	30.0574	-0.0574	71.7532	0.0006	71.6964
30.0000	30.0512	-0.0512	71.7480	0.0006	71.6974
30.0000	30.0452	-0.0452	71.7435	0.0006	71.6989
30.0000	30.0393	-0.0393	71.7396	0.0006	71.7009
30.0000	30.0335	-0.0335	71.7362	0.0006	71.7034
30.0000	30.0278	-0.0278	71.7335	0.0006	71.7062
30.0000	30.0222	-0.0222	71.7312	0.0006	71.7096
30.0000	30.0168	-0.0168	71.7296	0.0005	71.7133
30.0000	30.0115	-0.0115	71.7284	0.0005	71.7175
30.0000	30.0063	-0.0063	71.7278	0.0005	71.7220
30.0000	30.0012	-0.0012	71.7277	0.0005	71.7270
30.0000	29.9962	0.0038	71.7280	0.0005	71.7323
30.0000	29.9914	0.0086	71.7289	0.0005	71.7380
30.0000	29.9867	0.0133	71.7302	0.0005	71.7440
30.0000	29.9821	0.0179	71.7320	0.0005	71.7504
30.0000	29.9776	0.0224	71.7343	0.0004	71.7571
30.0000	29.9732	0.0268	71.7369	0.0004	71.7642
30.0000	29.9690	0.0310	71.7401	0.0004	71.7715
30.0000	29.9648	0.0352	71.7436	0.0004	71.7792
30.0000	29.9608	0.0392	71.7475	0.0004	71.7871
30.0000	29.9569	0.0431	71.7518	0.0004	71.7953
30.0000	29.9531	0.0469	71.7565	0.0004	71.8038
30.0000	29.9494	0.0506	71.7616	0.0004	71.8126
30.0000	29.9458	0.0542	71.7670	0.0004	71.8216
30.0000	29.9423	0.0577	71.7728	0.0003	71.8308
30.0000	29.9389	0.0611	71.7789	0.0003	71.8403
30.0000	29.9357	0.0643	71.7853	0.0003	71.8500
30.0000	29.9325	0.0675	71.7920	0.0003	71.8599
30.0000	29.9294	0.0706	71.7991	0.0003	71.8700
30.0000	29.9265	0.0735	71.8064	0.0003	71.8803
30.0000	29.9236	0.0764	71.8141	0.0003	71.8907
30.0000	29.9209	0.0791	71.8220	0.0003	71.9014
30.0000	29.9182	0.0818	71.8302	0.0003	71.9122
30.0000	29.9157	0.0843	71.8386	0.0003	71.9232
30.0000	29.9132	0.0868	71.8473	0.0002	71.9343
30.0000	29.9108	0.0892	71.8562	0.0002	71.9456
30.0000	29.9085	0.0915	71.8653	0.0002	71.9570
30.0000	29.9064	0.0936	71.8747	0.0002	71.9686
30.0000	29.9043	0.0957	71.8843	0.0002	71.9802
30.0000	29.9023	0.0977	71.8941	0.0002	71.9920
30.0000	29.9004	0.0996	71.9040	0.0002	72.0038
30.0000	29.8985	0.1015	71.9142	0.0002	72.0158
30.0000	29.8968	0.1032	71.9245	0.0002	72.0279
30.0000	29.8952	0.1048	71.9350	0.0002	72.0400
30.0000	29.8936	0.1064	71.9456	0.0002	72.0522
30.0000	29.8921	0.1079	71.9564	0.0001	72.0645
30.0000	29.8907	0.1093	71.9673	0.0001	72.0768
30.0000	29.8894	0.1106	71.9784	0.0001	72.0892
30.0000	29.8881	0.1119	71.9896	0.0001	72.1016
30.0000	29.8869	0.1131	72.0009	0.0001	72.1141
30.0000	29.8859	0.1141	72.0123	0.0001	72.1265
30.0000	29.8848	0.1152	72.0238	0.0001	72.1391
30.0000	29.8839	0.1161	72.0354	0.0001	72.1516
30.0000	29.8830	0.1170	72.0471	0.0001	72.1642
30.0000	29.8822	0.1178	72.0589	0.0001	72.1768
30.0000	29.8815	0.1185	72.0708	0.0001	72.1894
30.0000	29.8808	0.1192	72.0827	0.0001	72.2019
30.0000	29.8802	0.1198	72.0947	0.0001	72.2145
30.0000	29.8797	0.1203	72.1067	0.0001	72.2271
30.0000	29.8792	0.1208	72.1188	0.0000	72.2396
30.0000	29.8788	0.1212	72.1309	0.0000	72.2521
30.0000	29.8784	0.1216	72.1431	0.0000	72.2647
30.0000	29.8781	0.1219	72.1552	0.0000	72.2771
30.0000	29.8779	0.1221	72.1674	0.0000	72.2895
30.0000	29.8777	0.1223	72.1797	0.0000	72.3019
30.0000	29.8776	0.1224	72.1919	0.0000	72.3143
30.0000	29.8776	0.1224	72.2041	0.0000	72.3266
30.0000	29.8776	0.1224	72.2164	0.0000	72.3388
30.0000	29.8776	0.1224	72.2286	-0.0000	72.3510
30.0000	29.8777	0.1223	72.2409	-0.0000	72.3632
30.0000	29.8778	0.1222	72.2531	-0.0000	72.3752
30.0000	29.8780	0.1220	72.2653	-0.0000	72.3872
30.0000	29.8783	0.1217	72.2774	-0.0000	72.3991
30.0000	29.8786	0.1214	72.2896	-0.0000	72.4110
30.0000	29.8789	0.1211	72.3017	-0.0000	72.4228
30.0000	29.8793	0.1207	72.3138	-0.0000	72.4345
30.0000	29.8797	0.1203	72.3258	-0.0000	72.4461
30.0000	29.8801	0.1199	72.3378	-0.0000	72.4576
30.0000	29.8806	0.1194	72.3497	-0.0000	72.4690
30.0000	29.8812	0.1188	72.3616	-0.0001	72.4804
30.0000	29.8818	0.1182	72.3734	-0.0001	72.4916
30.0000	29.8824	0.1176	72.3852	-0.0001	72.5028
30.0000	29.8830	0.1170	72.3969	-0.0001	72.5138
30.0000	29.8837	0.1163	72.4085	-0.0001	72.5248
30.0000	29.8844	0.1156	72.4201	-0.0001	72.5356
30.0000	29.8852	0.1148	72.4316	-0.0001	72.5463
30.0000	29.8859	0.1141	72.4430	-0.0001	72.5570
30.0000	29.8868	0.1132	72.4543	-0.0001	72.5675
30.0000	29.8876	0.1124	72.4655	-0.0001	72.5779
30.0000	29.8885	0.1115	72.4767	-0.0001	72.5882
30.0000	29.8894	0.1106	72.4878	-0.0001	72.5983
30.0000	29.8903	0.1097	72.4987	-0.0001	72.6084
30.0000	29.8912	0.1088	72.5096	-0.0001	72.6183
30.0000	29.8922	0.1078	72.5204	-0.0001	72.6281
30.0000	29.8932	0.1068	72.5311	-0.0001	72.6378
30.0000	29.8942	0.1058	72.5417	-0.0001	72.6474
30.0000	29.8952	0.1048	72.5521	-0.0001	72.6568
30.0000	29.8963	0.1037	72.5625	-0.0001	72.6661
30.0000	29.8973	0.1027	72.5728	-0.0001	72.6753
30.0000	29.8984	0.1016	72.5829	-0.0001	72.6844
30.0000	29.8996	0.1004	72.5930	-0.0001	72.6933
30.0000	29.9007	0.0993	72.6029	-0.0001	72.7021
30.0000	29.9018	0.0982	72.6127	-0.0001	72.7108
30.0000	29.9030	0.0970	72.6224	-0.0001	72.7193
30.0000	29.9041	0.0959	72.6320	-0.0001	72.7278
30.0000	29.9053	0.0947	72.6415	-0.0001	72.7360
30.0000	29.9065	0.0935	72.6508	-0.0001	72.7442
30.0000	29.9077	0.0923	72.6601	-0.0001	72.7522
30.0000	29.9089	0.0911	72.6692	-0.0001	72.7601
30.0000	29.9102	0.0898	72.6781	-0.0001	72.7679
30.0000	29.9114	0.0886	72.6870	-0.0001	72.7755
30.0000	29.9127	0.0873	72.6957	-0.0001	72.7830
30.0000	29.9139	0.0861	72.7043	-0.0001	72.7903
30.0000	29.9152	0.0848	72.7128	-0.0001	72.7975
30.0000	29.9164	0.0836	72.7212	-0.0001	72.8046
30.0000	29.9177	0.0823	72.7294	-0.0001	72.8116
30.0000	29.9190	0.0810	72.7375	-0.0001	72.8184
30.0000	29.9203	0.0797	72.7455	-0.0001	72.8251
30.0000	29.9216	0.0784	72.7533	-0.0001	72.8316
30.0000	29.9228	0.0772	72.7610	-0.0001	72.8381
30.0000	29.9241	0.0759	72.7686	-0.0001	72.8444
30.0000	29.9254	0.0746	72.7761	-0.0001	72.8505
30.0000	29.9267	0.0733	72.7834	-0.0001	72.8566
30.0000	29.9280	0.0720	72.7906	-0.0001	72.8625
30.0000	29.9293	0.0707	72.7977	-0.0001	72.8682
30.0000	29.9306	0.0694	72.8046	-0.0001	72.8739
30.0000	29.9319	0.0681	72.8114	-0.0001	72.8794
30.0000	29.9332	0.0668	72.8181	-0.0001	72.8848
30.0000	29.9345	0.0655	72.8247	-0.0001	72.8901
30.0000	29.9358	0.0642	72.8311	-0.0001	72.8952
30.0000	29.9370	0.0630	72.8374	-0.0001	72.9002
30.0000	29.9383	0.0617	72.8436	-0.0001	72.9051
30.0000	29.9396	0.0604	72.8496	-0.0001	72.9099
30.0000	29.9409	0.0591	72.8555	-0.0001	72.9145
30.0000	29.9421	0.0579	72.8613	-0.0001	72.9191
30.0000	29.9434	0.0566	72.8670	-0.0001	72.9234
30.0000	29.9446	0.0554	72.8725	-0.0001	72.9277
30.0000	29.9459	0.0541	72.8779	-0.0001	72.9319
30.0000	29.9471	0.0529	72.8832	-0.0001	72.9359
30.0000	29.9484	0.0516	72.8884	-0.0001	72.9399
30.0000	29.9496	0.0504	72.8934	-0.0001	72.9437
30.0000	29.9508	0.0492	72.8983	-0.0001	72.9474
30.0000	29.9520	0.0480	72.9031	-0.0001	72.9510
30.0000	29.9532	0.0468	72.9078	-0.0001	72.9544
30.0000	29.9544	0.0456	72.9123	-0.0001	72.9578
30.0000	29.9556	0.0444	72.9168	-0.0001	72.9610
30.0000	29.9568	0.0432	72.9211	-0.0001	72.9642
30.0000	29.9580	0.0420	72.9253	-0.0001	72.9672
30.0000	29.9591	0.0409	72.9294	-0.0001	72.9701
30.0000	29.9603	0.0397	72.9334	-0.0001	72.9730
30.0000	29.9614	0.0386	72.9372	-0.0001	72.9757
30.0000	29.9625	0.0375	72.9410	-0.0001	72.9783
30.0000	29.9637	0.0363	72.9446	-0.0001	72.9808
30.0000	29.9648	0.0352	72.9481	-0.0001	72.9833
30.0000	29.9659	0.0341	72.9515	-0.0001	72.9856
30.0000	29.9669	0.0331	72.9548	-0.0001	72.9878
30.0000	29.9680	0.0320	72.9580	-0.0001	72.9899
30.0000	29.9691	0.0309	72.9611	-0.0001	72.9919
30.0000	29.9701	0.0299	72.9641	-0.0001	72.9939
30.0000	29.9712	0.0288	72.9670	-0.0001	72.9957
30.0000	29.9722	0.0278	72.9698	-0.0001	72.9975
30.0000	29.9732	0.0268	72.9725	-0.0001	72.9992
30.0000	29.9742	0.0258	72.9751	-0.0001	73.0007
30.0000	29.9752	0.0248	72.9775	-0.0001	73.0022
30.0000	29.9762	0.0238	72.9799	-0.0001	73.0036
30.0000	29.9771	0.0229	72.9822	-0.0001	73.0050
30.0000	29.9781	0.0219	72.9844	-0.0001	73.0062
30.0000	29.9790	0.0210	72.9865	-0.0001	73.0074
30.0000	29.9799	0.0201	72.9885	-0.0001	73.0085
30.0000	29.9808	0.0192	72.9904	-0.0001	73.0095
30.0000	29.9817	0.0183	72.9922	-0.0001	73.0104
30.0000	29.9826	0.0174	72.9940	-0.0001	73.0113
30.0000	29.9835	0.0165	72.9956	-0.0001	73.0121
30.0000	29.9843	0.0157	72.9972	-0.0001	73.0128
30.0000	29.9852	0.0148	72.9987	-0.0001	73.0134
30.0000	29.9860	0.0140	73.0001	-0.0001	73.0140
30.0000	29.9868	0.0132	73.0014	-0.0001	73.0145
30.0000	29.9876	0.0124	73.0026	-0.0001	73.0149
30.0000	29.9884	0.0116	73.0038	-0.0001	73.0153
30.0000	29.9892	0.0108	73.0049	-0.0001	73.0156
30.0000	29.9899	0.0101	73.0059	-0.0001	73.0159
30.0000	29.9907	0.0093	73.0068	-0.0001	73.0160
30.0000	29.9914	0.0086	73.0077	-0.0001	73.0162
30.0000	29.9921	0.0079	73.0084	-0.0001	73.0162
30.0000	29.9929	0.0071	73.0092	-0.0001	73.0162
30.0000	29.9935	0.0065	73.0098	-0.0001	73.0162
30.0000	29.9942	0.0058	73.0104	-0.0001	73.0161
30.0000	29.9949	0.0051	73.0109	-0.0001	73.0159
30.0000	29.9955	0.0045	73.0113	-0.0001	73.0157
30.0000	29.9962	0.0038	73.0117	-0.0001	73.0155
30.0000	29.9968	0.0032	73.0120	-0.0001	73.0152
30.0000	29.9974	0.0026	73.0123	-0.0001	73.0148
30.0000	29.9980	0.0020	73.0125	-0.0001	73.0144
30.0000	29.9986	0.0014	73.0126	-0.0001	73.0140
30.0000	29.9992	0.0008	73.0127	-0.0001	73.0135
30.0000	29.9997	0.0003	73.0128	-0.0001	73.0130
30.0000	30.0003	-0.0003	73.0127	-0.0001	73.0124
30.0000	30.0008	-0.0008	73.0127	-0.0001	73.0118
30.0000	30.0013	-0.0013	73.0125	-0.0001	73.0112
30.0000	30.0018	-0.0018	73.0123	-0.0001	73.0105
30.0000	30.0023	-0.0023	73.0121	-0.0000	73.0098
30.0000	30.0028	-0.0028	73.0118	-0.0000	73.0090
30.0000	30.0033	-0.0033	73.0115	-0.0000	73.0082
30.0000	30.0037	-0.0037	73.0111	-0.0000	73.0074
30.0000	30.0042	-0.0042	73.0107	-0.0000	73.0065
30.0000	30.0046	-0.0046	73.0103	-0.0000	73.0056
30.0000	30.0050	-0.0050	73.0098	-0.0000	73.0047
30.0000	30.0054	-0.0054	73.0092	-0.0000	73.0038
30.0000	30.0058	-0.0058	73.0086	-0.0000	73.0028
30.0000	30.0062	-0.0062	73.0080	-0.0000	73.0018
30.0000	30.0066	-0.0066	73.0074	-0.0000	73.0008
30.0000	30.0069	-0.0069	73.0067	-0.0000	72.9997
30.0000	30.0073	-0.0073	73.0060	-0.0000	72.9986
30.0000	30.0076	-0.0076	73.0052	-0.0000	72.9976
30.0000	30.0079	-0.0079	73.0044	-0.0000	72.9964
30.0000	30.0082	-0.0082	73.0036	-0.0000	72.9953
30.0000	30.0086	-0.0086	73.0027	-0.0000	72.9941
30.0000	30.0088	-0.0088	73.0018	-0.0000	72.9930
30.0000	30.0091	-0.0091	73.0009	-0.0000	72.9918
30.0000	30.0094	-0.0094	73.0000	-0.0000	72.9905
30.0000	30.0097	-0.0097	72.9990	-0.0000	72.9893
30.0000	30.0099	-0.0099	72.9980	-0.0000	72.9881
30.0000	30.0102	-0.0102	72.9970	-0.0000	72.9868
30.0000	30.0104	-0.0104	72.9960	-0.0000	72.9856
30.0000	30.0106	-0.0106	72.9949	-0.0000	72.9843
30.0000	30.0108	-0.0108	72.9938	-0.0000	72.9830
30.0000	30.0110	-0.0110	72.9927	-0.0000	72.9817
30.0000	30.0112	-0.0112	72.9916	-0.0000	72.9804
30.0000	30.0114	-0.0114	72.9905	-0.0000	72.9791
30.0000	30.0116	-0.0116	72.9893	-0.0000	72.9777
30.0000	30.0117	-0.0117	72.9881	-0.0000	72.9764
30.0000	30.0119	-0.0119	72.9870	-0.0000	72.9751
30.0000	30.0120	-0.0120	72.9857	-0.0000	72.9737
30.0000	30.0122	-0.0122	72.9845	-0.0000	72.9724
30.0000	30.0123	-0.0123	72.9833	-0.0000	72.9710
30.0000	30.0124	-0.0124	72.9821	-0.0000	72.9696
30.0000	30.0125	-0.0125	72.9808	-0.0000	72.9683
30.0000	30.0126	-0.0126	72.9795	-0.0000	72.9669
30.0000	30.0127	-0.0127	72.9783	-0.0000	72.9655
30.0000	30.0128	-0.0128	72.9770	-0.0000	72.9641
30.0000	30.0129	-0.0129	72.9757	-0.0000	72.9628
30.0000	30.0130	-0.0130	72.9744	-0.0000	72.9614
30.0000	30.0131	-0.0131	72.9731	-0.0000	72.9600
30.0000	30.0131	-0.0131	72.9718	-0.0000	72.9586
30.0000	30.0132	-0.0132	72.9705	-0.0000	72.9573
30.0000	30.0132	-0.0132	72.9691	-0.0000	72.9559
30.0000	30.0133	-0.0133	72.9678	-0.0000	72.9545
30.0000	30.0133	-0.0133	72.9665	-0.0000	72.9532
30.0000	30.0133	-0.0133	72.9651	-0.0000	72.9518
30.0000	30.0133	-0.0133	72.9638	-0.0000	72.9505
30.0000	30.0134	-0.0134	72.9625	-0.0000	72.9491
30.0000	30.0134	-0.0134	72.9611	-0.0000	72.9478
30.0000	30.0134	-0.0134	72.9598	-0.0000	72.9464
30.0000	30.0134	-0.0134	72.9585	0.0000	72.9451
30.0000	30.0134	-0.0134	72.9571	0.0000	72.9438
30.0000	30.0133	-0.0133	72.9558	0.0000	72.9425
30.0000	30.0133	-0.0133	72.9545	0.0000	72.9411
30.0000	30.0133	-0.0133	72.9531	0.0000	72.9398
30.0000	30.0133	-0.0133	72.9518	0.0000	72.9385
30.0000	30.0132	-0.0132	72.9505	0.0000	72.9372
30.0000	30.0132	-0.0132	72.9492	0.0000	72.9360
30.0000	30.0131	-0.0131	72.9478	0.0000	72.9347
30.0000	30.0131	-0.0131	72.9465	0.0000	72.9334
30.0000	30.0130	-0.0130	72.9452	0.0000	72.9322
30.0000	30.0130	-0.0130	72.9439	0.0000	72.9309
30.0000	30.0129	-0.0129	72.9426	0.0000	72.9297
30.0000	30.0129	-0.0129	72.9413	0.0000	72.9285
30.0000	30.0128	-0.0128	72.9401	0.0000	72.9273
30.0000	30.0127	-0.0127	72.9388	0.0000	72.9261
16.0000	30.0126	-14.0126	71.5375	0.0000	57.5249
16.0000	29.9470	-13.9470	70.1428	0.0066	56.2024
16.0000	29.8771	-13.8771	68.7551	0.0070	54.8851
16.0000	29.8029	-13.8029	67.3748	0.0074	53.5794
16.0000	29.7245	-13.7245	66.0024	0.0078	52.2857
16.0000	29.6422	-13.6422	64.6382	0.0082	51.0042
16.0000	29.5560	-13.5560	63.2826	0.0086	49.7351
16.0000	29.4661	-13.4661	61.9359	0.0090	48.4788
16.0000	29.3726	-13.3726	60.5987	0.0094	47.2354
16.0000	29.2756	-13.2756	59.2711	0.0097	46.0052
16.0000	29.1753	-13.1753	57.9536	0.0100	44.7883
16.0000	29.0717	-13.0717	56.6464	0.0104	43.5851
16.0000	28.9650	-12.9650	55.3499	0.0107	42.3955
16.0000	28.8554	-12.8554	54.0644	0.0110	41.2200
16.0000	28.7428	-12.7428	52.7901	0.0113	40.0586
16.0000	28.6275	-12.6275	51.5274	0.0115	38.9114
16.0000	28.5095	-12.5095	50.2764	0.0118	37.7787
16.0000	28.3890	-12.3890	49.0375	0.0120	36.6605
16.0000	28.2661	-12.2661	47.8109	0.0123	35.5571
16.0000	28.1409	-12.1409	46.5968	0.0125	34.4684
16.0000	28.0135	-12.0135	45.3955	0.0127	33.3947
16.0000	27.8839	-11.8839	44.2071	0.0130	32.3361
16.0000	27.7524	-11.7524	43.0318	0.0132	31.2926
16.0000	27.6190	-11.6190	41.8699	0.0133	30.2643
16.0000	27.4838	-11.4838	40.7215	0.0135	29.2513
16.0000	27.3469	-11.3469	39.5869	0.0137	28.2537
16.0000	27.2084	-11.2084	38.4660	0.0138	27.2715
16.0000	27.0684	-11.0684	37.3592	0.0140	26.3048
16.0000	26.9270	-10.9270	36.2665	0.0141	25.3536
16.0000	26.7843	-10.7843	35.1880	0.0143	24.4180
16.0000	26.6404	-10.6404	34.1240	0.0144	23.4980
16.0000	26.4954	-10.4954	33.0745	0.0145	22.5936
16.0000	26.3493	-10.3493	32.0395	0.0146	21.7048
16.0000	26.2023	-10.2023	31.0193	0.0147	20.8317
16.0000	26.0544	-10.0544	30.0139	0.0148	19.9742
16.0000	25.9058	-9.9058	29.0233	0.0149	19.1324
16.0000	25.7564	-9.7564	28.0476	0.0149	18.3062
16.0000	25.6064	-9.6064	27.0870	0.0150	17.4956
16.0000	25.4559	-9.4559	26.1414	0.0151	16.7006
16.0000	25.3049	-9.3049	25.2109	0.0151	15.9211
16.0000	25.1535	-9.1535	24.2956	0.0151	15.1572
16.0000	25.0018	-9.0018	23.3954	0.0152	14.4087
16.0000	24.8499	-8.8499	22.5104	0.0152	13.6757
16.0000	24.6978	-8.6978	21.6406	0.0152	12.9581
16.0000	24.5455	-8.5455	20.7861	0.0152	12.2558
16.0000	24.3933	-8.3933	19.9467	0.0152	11.5687
16.0000	24.2410	-8.2410	19.1226	0.0152	10.8968
16.0000	24.0889	-8.0889	18.3137	0.0152	10.2401
16.0000	23.9369	-7.9369	17.5201	0.0152	9.5983
16.0000	23.7851	-7.7851	16.7415	0.0152	8.9716
16.0000	23.6336	-7.6336	15.9782	0.0151	8.3597
16.0000	23.4825	-7.4825	15.2299	0.0151	7.7626
16.0000	23.3317	-7.3317	14.4968	0.0151	7.1801
16.0000	23.1814	-7.1814	13.7786	0.0150	6.6123
16.0000	23.0316	-7.0316	13.0755	0.0150	6.0589
16.0000	22.8823	-6.8823	12.3872	0.0149	5.5199
16.0000	22.7336	-6.7336	11.7139	0.0149	4.9952
16.0000	22.5856	-6.5856	11.0553	0.0148	4.4846
16.0000	22.4382	-6.4382	10.4115	0.0147	3.9880
16.0000	22.2916	-6.2916	9.7823	0.0147	3.5054
16.0000	22.1458	-6.1458	9.1678	0.0146	3.0365
16.0000	22.0009	-6.0009	8.5677	0.0145	2.5813
16.0000	21.8568	-5.8568	7.9820	0.0144	2.1396
16.0000	21.7136	-5.7136	7.4106	0.0143	1.7114
16.0000	21.5713	-5.5713	6.8535	0.0142	1.2964
16.0000	21.4301	-5.4301	6.3105	0.0141	0.8945
16.0000	21.2899	-5.2899	5.7815	0.0140	0.5057
16.0000	21.1507	-5.1507	5.2664	0.0139	0.1296
16.0000	21.0127	-5.0127	4.7652	0.0138	0.0000
16.0000	20.8767	-4.8767	4.2775	0.0136	0.0000
16.0000	20.7434	-4.7434	3.8031	0.0133	0.0000
16.0000	20.6127	-4.6127	3.3419	0.0131	0.0000
16.0000	20.4846	-4.4846	2.8934	0.0128	0.0000
16.0000	20.3589	-4.3589	2.4575	0.0126	0.0000
16.0000	20.2356	-4.2356	2.0340	0.0123	0.0000
16.0000	20.1147	-4.1147	1.6225	0.0121	0.0000
16.0000	19.9962	-3.9962	1.2229	0.0119	0.0000
16.0000	19.8800	-3.8800	0.8349	0.0116	0.0000
16.0000	19.7660	-3.7660	0.4583	0.0114	0.0000
16.0000	19.6542	-3.6542	0.0928	0.0112	0.0000
16.0000	19.5446	-3.5446	-0.2616	0.0110	0.0000
16.0000	19.4372	-3.4372	-0.6053	0.0107	0.0000
16.0000	19.3318	-3.3318	-0.9385	0.0105	0.0000
16.0000	19.2284	-3.2284	-1.2614	0.0103	0.0000
16.0000	19.1271	-3.1271	-1.5741	0.0101	0.0000
16.0000	19.0277	-3.0277	-1.8768	0.0099	0.0000
16.0000	18.9303	-2.9303	-2.1699	0.0097	0.0000
16.0000	18.8347	-2.8347	-2.4533	0.0096	0.0000
16.0000	18.7410	-2.7410	-2.7274	0.0094	0.0000
16.0000	18.6491	-2.6491	-2.9923	0.0092	0.0000
16.0000	18.5590	-2.5590	-3.2482	0.0090	0.0000
16.0000	18.4706	-2.4706	-3.4953	0.0088	0.0000
16.0000	18.3839	-2.3839	-3.7337	0.0087	0.0000
16.0000	18.2990	-2.2990	-3.9636	0.0085	0.0000
16.0000	18.2156	-2.2156	-4.1851	0.0083	0.0000
16.0000	18.1339	-2.1339	-4.3985	0.0082	0.0000
16.0000	18.0538	-2.0538	-4.6039	0.0080	0.0000
16.0000	17.9752	-1.9752	-4.8014	0.0079	0.0000
16.0000	17.8982	-1.8982	-4.9913	0.0077	0.0000
16.0000	17.8226	-1.8226	-5.1735	0.0076	0.0000
16.0000	17.7485	-1.7485	-5.3484	0.0074	0.0000
16.0000	17.6758	-1.6758	-5.5160	0.0073	0.0000
16.0000	17.6046	-1.6046	-5.6764	0.0071	0.0000
16.0000	17.5347	-1.5347	-5.8299	0.0070	0.0000
16.0000	17.4662	-1.4662	-5.9765	0.0069	0.0000
16.0000	17.3990	-1.3990	-6.1164	0.0067	0.0000
16.0000	17.3331	-1.3331	-6.2497	0.0066	0.0000
16.0000	17.2685	-1.2685	-6.3766	0.0065	0.0000
16.0000	17.2052	-1.2052	-6.4971	0.0063	0.0000
16.0000	17.1431	-1.1431	-6.6114	0.0062	0.0000
16.0000	17.0821	-1.0821	-6.7196	0.0061	0.0000
16.0000	17.0224	-1.0224	-6.8219	0.0060	0.0000
16.0000	16.9638	-0.9638	-6.9182	0.0059	0.0000
16.0000	16.9064	-0.9064	-7.0089	0.0057	0.0000
16.0000	16.8500	-0.8500	-7.0939	0.0056	0.0000
16.0000	16.7948	-0.7948	-7.1733	0.0055	0.0000
16.0000	16.7406	-0.7406	-7.2474	0.0054	0.0000
16.0000	16.6875	-0.6875	-7.3162	0.0053	0.0000
16.0000	16.6354	-0.6354	-7.3797	0.0052	0.0000
16.0000	16.5843	-0.5843	-7.4381	0.0051	0.0000
16.0000	16.5342	-0.5342	-7.4915	0.0050	0.0000
16.0000	16.4851	-0.4851	-7.5401	0.0049	0.0000
16.0000	16.4369	-0.4369	-7.5837	0.0048	0.0000
16.0000	16.3897	-0.3897	-7.6227	0.0047	0.0000
16.0000	16.3434	-0.3434	-7.6571	0.0046	0.0000
16.0000	16.2979	-0.2979	-7.6868	0.0045	0.0000
16.0000	16.2534	-0.2534	-7.7122	0.0045	0.0000
16.0000	16.2097	-0.2097	-7.7332	0.0044	0.0000
16.0000	16.1669	-0.1669	-7.7498	0.0043	0.0000
16.0000	16.1249	-0.1249	-7.7623	0.0042	0.0000
16.0000	16.0837	-0.0837	-7.7707	0.0041	0.0000
16.0000	16.0433	-0.0433	-7.7750	0.0040	0.0000
16.0000	16.0037	-0.0037	-7.7754	0.0040	0.0000
16.0000	15.9649	0.0351	-7.7719	0.0039	0.0000
16.0000	15.9268	0.0732	-7.7646	0.0038	0.0000
16.0000	15.8894	0.1106	-7.7535	0.0037	0.0000
16.0000	15.8528	0.1472	-7.7388	0.0037	0.0000
16.0000	15.8169	0.1831	-7.7205	0.0036	0.0000
16.0000	15.7817	0.2183	-7.6987	0.0035	0.0000
16.0000	15.7471	0.2529	-7.6734	0.0035	0.0000
16.0000	15.7133	0.2867	-7.6447	0.0034	0.0000
16.0000	15.6801	0.3199	-7.6127	0.0033	0.0000
16.0000	15.6475	0.3525	-7.5775	0.0033	0.0000
16.0000	15.6156	0.3844	-7.5390	0.0032	0.0000
16.0000	15.5843	0.4157	-7.4974	0.0031	0.0000
16.0000	15.5535	0.4465	-7.4528	0.0031	0.0000
16.0000	15.5234	0.4766	-7.4051	0.0030	0.0000
16.0000	15.4939	0.5061	-7.3545	0.0030	0.0000
16.0000	15.4649	0.5351	-7.3010	0.0029	0.0000
16.0000	15.4365	0.5635	-7.2447	0.0028	0.0000
16.0000	15.4087	0.5913	-7.1855	0.0028	0.0000
16.0000	15.3814	0.6186	-7.1237	0.0027	0.0000
16.0000	15.3546	0.6454	-7.0591	0.0027	0.0000
16.0000	15.3284	0.6716	-6.9920	0.0026	0.0000
16.0000	15.3026	0.6974	-6.9222	0.0026	0.0000
16.0000	15.2774	0.7226	-6.8500	0.0025	0.0000
16.0000	15.2526	0.7474	-6.7752	0.0025	0.0000
16.0000	15.2283	0.7717	-6.6981	0.0024	0.0000
16.0000	15.2045	0.7955	-6.6185	0.0024	0.0000
16.0000	15.1812	0.8188	-6.5366	0.0023	0.0000
16.0000	15.1583	0.8417	-6.4525	0.0023	0.0000
16.0000	15.1358	0.8642	-6.3660	0.0022	0.0000
16.0000	15.1138	0.8862	-6.2774	0.0022	0.0000
16.0000	15.0922	0.9078	-6.1866	0.0022	0.0000
16.0000	15.0710	0.9290	-6.0938	0.0021	0.0000
16.0000	15.0503	0.9497	-5.9988	0.0021	0.0000
16.0000	15.0299	0.9701	-5.9018	0.0020	0.0000
16.0000	15.0100	0.9900	-5.8028	0.0020	0.0000
16.0000	14.9904	1.0096	-5.7018	0.0020	0.0000
16.0000	14.9712	1.0288	-5.5989	0.0019	0.0000
16.0000	14.9524	1.0476	-5.4942	0.0019	0.0000
16.0000	14.9339	1.0661	-5.3876	0.0018	0.0000
16.0000	14.9158	1.0842	-5.2791	0.0018	0.0000
16.0000	14.8981	1.1019	-5.1689	0.0018	0.0000
16.0000	14.8806	1.1194	-5.0570	0.0017	0.0000
16.0000	14.8636	1.1364	-4.9434	0.0017	0.0000
16.0000	14.8468	1.1532	-4.8280	0.0017	0.0000
16.0000	14.8304	1.1696	-4.7111	0.0016	0.0000
16.0000	14.8143	1.1857	-4.5925	0.0016	0.0000
16.0000	14.7985	1.2015	-4.4724	0.0016	0.0000
16.0000	14.7831	1.2169	-4.3507	0.0015	0.0000
16.0000	14.7679	1.2321	-4.2275	0.0015	0.0000
16.0000	14.7530	1.2470	-4.1028	0.0015	0.0000
16.0000	14.7384	1.2616	-3.9766	0.0015	0.0000
16.0000	14.7241	1.2759	-3.8490	0.0014	0.0000
16.0000	14.7101	1.2899	-3.7200	0.0014	0.0000
16.0000	14.6963	1.3037	-3.5897	0.0014	0.0000
16.0000	14.6828	1.3172	-3.4579	0.0013	0.0000
16.0000	14.6696	1.3304	-3.3249	0.0013	0.0000
16.0000	14.6566	1.3434	-3.1905	0.0013	0.0000
16.0000	14.6439	1.3561	-3.0549	0.0013	0.0000
16.0000	14.6314	1.3686	-2.9181	0.0012	0.0000
16.0000	14.6191	1.3809	-2.7800	0.0012	0.0000
16.0000	14.6071	1.3929	-2.6407	0.0012	0.0000
16.0000	14.5954	1.4046	-2.5002	0.0012	0.0000
16.0000	14.5838	1.4162	-2.3586	0.0012	0.0000
16.0000	14.5725	1.4275	-2.2159	0.0011	0.0000
16.0000	14.5614	1.4386	-2.0720	0.0011	0.0000
16.0000	14.5505	1.4495	-1.9271	0.0011	0.0000
16.0000	14.5399	1.4601	-1.7811	0.0011	0.0000
16.0000	14.5294	1.4706	-1.6340	0.0010	0.0000
16.0000	14.5191	1.4809	-1.4859	0.0010	0.0000
16.0000	14.5091	1.4909	-1.3368	0.0010	0.1551
16.0000	14.4999	1.5001	-1.1868	0.0009	0.3143
16.0000	14.4915	1.5085	-1.0359	0.0008	0.4734
16.0000	14.4840	1.5160	-0.8843	0.0008	0.6324
16.0000	14.4773	1.5227	-0.7321	0.0007	0.7913
16.0000	14.4714	1.5286	-0.5792	0.0006	0.9499
16.0000	14.4663	1.5337	-0.4259	0.0005	1.1083
16.0000	14.4620	1.5380	-0.2721	0.0004	1.2664
16.0000	14.4584	1.5416	-0.1179	0.0004	1.4240
16.0000	14.4556	1.5444	0.0365	0.0003	1.5812
16.0000	14.4535	1.5465	0.1912	0.0002	1.7379
16.0000	14.4521	1.5479	0.3460	0.0001	1.8940
16.0000	14.4514	1.5486	0.5008	0.0001	2.0495
16.0000	14.4514	1.5486	0.6557	0.0000	2.2043
16.0000	14.4520	1.5480	0.8105	-0.0001	2.3584
16.0000	14.4533	1.5467	0.9652	-0.0001	2.5118
16.0000	14.4552	1.5448	1.1197	-0.0002	2.6643
16.0000	14.4577	1.5423	1.2739	-0.0003	2.8159
16.0000	14.4608	1.5392	1.4278	-0.0003	2.9667
16.0000	14.4645	1.5355	1.5813	-0.0004	3.1165
16.0000	14.4688	1.5312	1.7345	-0.0004	3.2653
16.0000	14.4736	1.5264	1.8871	-0.0005	3.4131
16.0000	14.4789	1.5211	2.0392	-0.0005	3.5598
16.0000	14.4848	1.5152	2.1907	-0.0006	3.7054
16.0000	14.4911	1.5089	2.3416	-0.0006	3.8499
16.0000	14.4980	1.5020	2.4918	-0.0007	3.9931
16.0000	14.5053	1.4947	2.6413	-0.0007	4.1352
16.0000	14.5131	1.4869	2.7900	-0.0008	4.2761
16.0000	14.5214	1.4786	2.9378	-0.0008	4.4156
16.0000	14.5301	1.4699	3.0848	-0.0009	4.5539
16.0000	14.5392	1.4608	3.2309	-0.0009	4.6908
16.0000	14.5487	1.4513	3.3761	-0.0010	4.8264
16.0000	14.5586	1.4414	3.5202	-0.0010	4.9606
16.0000	14.5689	1.4311	3.6633	-0.0010	5.0934
16.0000	14.5795	1.4205	3.8054	-0.0011	5.2248
16.0000	14.5905	1.4095	3.9463	-0.0011	5.3547
16.0000	14.6019	1.3981	4.0861	-0.0011	5.4831
16.0000	14.6135	1.3865	4.2248	-0.0012	5.6101
16.0000	14.6255	1.3745	4.3622	-0.0012	5.7355
16.0000	14.6378	1.3622	4.4984	-0.0012	5.8594
16.0000	14.6503	1.3497	4.6334	-0.0013	5.9818
16.0000	14.6632	1.3368	4.7671	-0.0013	6.1026
16.0000	14.6763	1.3237	4.8995	-0.0013	6.2218
16.0000	14.6897	1.3103	5.0305	-0.0013	6.3395
16.0000	14.7033	1.2967	5.1602	-0.0014	6.4555
16.0000	14.7171	1.2829	5.2885	-0.0014	6.5700
16.0000	14.7312	1.2688	5.4153	-0.0014	6.6828
16.0000	14.7454	1.2546	5.5408	-0.0014	6.7939
16.0000	14.7599	1.2401	5.6648	-0.0014	6.9035
16.0000	14.7745	1.2255	5.7873	-0.0015	7.0114
16.0000	14.7894	1.2106	5.9084	-0.0015	7.1176
16.0000	14.8043	1.1957	6.0280	-0.0015	7.2221
16.0000	14.8195	1.1805	6.1460	-0.0015	7.3250
16.0000	14.8348	1.1652	6.2626	-0.0015	7.4263
16.0000	14.8502	1.1498	6.3775	-0.0015	7.5258
16.0000	14.8657	1.1343	6.4910	-0.0016	7.6237
16.0000	14.8814	1.1186	6.6028	-0.0016	7.7199
16.0000	14.8971	1.1029	6.7131	-0.0016	7.8144
16.0000	14.9130	1.0870	6.8218	-0.0016	7.9072
16.0000	14.9290	1.0710	6.9289	-0.0016	7.9984
16.0000	14.9450	1.0550	7.0344	-0.0016	8.0878
16.0000	14.9611	1.0389	7.1383	-0.0016	8.1756
16.0000	14.9772	1.0228	7.2406	-0.0016	8.2617
16.0000	14.9935	1.0065	7.3412	-0.0016	8.3462
16.0000	15.0097	0.9903	7.4403	-0.0016	8.4289
16.0000	15.0260	0.9740	7.5377	-0.0016	8.5100
16.0000	15.0423	0.9577	7.6334	-0.0016	8.5895
16.0000	15.0587	0.9413	7.7276	-0.0016	8.6673
16.0000	15.0750	0.9250	7.8201	-0.0016	8.7434
16.0000	15.0914	0.9086	7.9109	-0.0016	8.8179
16.0000	15.1078	0.8922	8.0001	-0.0016	8.8907
16.0000	15.1241	0.8759	8.0877	-0.0016	8.9620
16.0000	15.1405	0.8595	8.1737	-0.0016	9.0316
16.0000	15.1568	0.8432	8.2580	-0.0016	9.0996
16.0000	15.1731	0.8269	8.3407	-0.0016	9.1660
16.0000	15.1894	0.8106	8.4218	-0.0016	9.2308
16.0000	15.2056	0.7944	8.5012	-0.0016	9.2940
16.0000	15.2218	0.7782	8.5790	-0.0016	9.3557
16.0000	15.2379	0.7621	8.6552	-0.0016	9.4158
16.0000	15.2539	0.7461	8.7298	-0.0016	9.4743
16.0000	15.2700	0.7300	8.8029	-0.0016	9.5313
16.0000	15.2859	0.7141	8.8743	-0.0016	9.5868
16.0000	15.3018	0.6982	8.9441	-0.0016	9.6407
16.0000	15.3176	0.6824	9.0123	-0.0016	9.6932
16.0000	15.3333	0.6667	9.0790	-0.0016	9.7442
16.0000	15.3489	0.6511	9.1441	-0.0016	9.7937
16.0000	15.3644	0.6356	9.2077	-0.0016	9.8417
16.0000	15.3798	0.6202	9.2697	-0.0015	9.8883
16.0000	15.3952	0.6048	9.3302	-0.0015	9.9335
16.0000	15.4104	0.5896	9.3891	-0.0015	9.9772
16.0000	15.4255	0.5745	9.4466	-0.0015	10.0196
16.0000	15.4405	0.5595	9.5025	-0.0015	10.0605
16.0000	15.4554	0.5446	9.5570	-0.0015	10.1001
16.0000	15.4702	0.5298	9.6100	-0.0015	10.1383
16.0000	15.4848	0.5152	9.6615	-0.0015	10.1752
16.0000	15.4993	0.5007	9.7116	-0.0015	10.2108
16.0000	15.5137	0.4863	9.7602	-0.0014	10.2451
16.0000	15.5280	0.4720	9.8074	-0.0014	10.2780
16.0000	15.5421	0.4579	9.8532	-0.0014	10.3097
16.0000	15.5561	0.4439	9.8976	-0.0014	10.3401
16.0000	15.5699	0.4301	9.9406	-0.0014	10.3693
16.0000	15.5836	0.4164	9.9822	-0.0014	10.3973
16.0000	15.5971	0.4029	10.0225	-0.0014	10.4241
16.0000	15.6105	0.3895	10.0615	-0.0013	10.4496
16.0000	15.6238	0.3762	10.0991	-0.0013	10.4740
16.0000	15.6369	0.3631	10.1354	-0.0013	10.4972
16.0000	15.6498	0.3502	10.1704	-0.0013	10.5193
16.0000	15.6626	0.3374	10.2042	-0.0013	10.5403
16.0000	15.6752	0.3248	10.2367	-0.0013	10.5602
16.0000	15.6877	0.3123	10.2679	-0.0012	10.5790
16.0000	15.7000	0.3000	10.2979	-0.0012	10.5967
16.0000	15.7121	0.2879	10.3267	-0.0012	10.6134
16.0000	15.7241	0.2759	10.3543	-0.0012	10.6290
16.0000	15.7359	0.2641	10.3807	-0.0012	10.6436
16.0000	15.7475	0.2525	10.4059	-0.0012	10.6572
16.0000	15.7590	0.2410	10.4300	-0.0011	10.6699
16.0000	15.7703	0.2297	10.4530	-0.0011	10.6816
16.0000	15.7814	0.2186	10.4749	-0.0011	10.6923
16.0000	15.7924	0.2076	10.4956	-0.0011	10.7021
16.0000	15.8032	0.1968	10.5153	-0.0011	10.7110
16.0000	15.8138	0.1862	10.5339	-0.0011	10.7190
16.0000	15.8243	0.1757	10.5515	-0.0010	10.7262
16.0000	15.8346	0.1654	10.5680	-0.0010	10.7324
16.0000	15.8447	0.1553	10.5836	-0.0010	10.7379
16.0000	15.8546	0.1454	10.5981	-0.0010	10.7425
16.0000	15.8644	0.1356	10.6117	-0.0010	10.7463
16.0000	15.8740	0.1260	10.6243	-0.0010	10.7494
16.0000	15.8834	0.1166	10.6359	-0.0009	10.7516
16.0000	15.8926	0.1074	10.6467	-0.0009	10.7531
16.0000	15.9017	0.0983	10.6565	-0.0009	10.7539
16.0000	15.9106	0.0894	10.6654	-0.0009	10.7540
16.0000	15.9193	0.0807	10.6735	-0.0009	10.7533
16.0000	15.9279	0.0721	10.6807	-0.0009	10.7520
16.0000	15.9362	0.0638	10.6871	-0.0008	10.7500
16.0000	15.9444	0.0556	10.6927	-0.0008	10.7474
16.0000	15.9525	0.0475	10.6974	-0.0008	10.7441
16.0000	15.9604	0.0396	10.7014	-0.0008	10.7402
16.0000	15.9681	0.0319	10.7046	-0.0008	10.7357
16.0000	15.9756	0.0244	10.7070	-0.0008	10.7307
16.0000	15.9830	0.0170	10.7087	-0.0007	10.7250
16.0000	15.9902	0.0098	10.7097	-0.0007	10.7188
16.0000	15.9972	0.0028	10.7100	-0.0007	10.7121
16.0000	16.0041	-0.0041	10.7096	-0.0007	10.7048
16.0000	16.0108	-0.0108	10.7085	-0.0007	10.6971
16.0000	16.0173	-0.0173	10.7068	-0.0007	10.6888
16.0000	16.0237	-0.0237	10.7044	-0.0006	10.6801
16.0000	16.0299	-0.0299	10.7014	-0.0006	10.6709
16.0000	16.0360	-0.0360	10.6978	-0.0006	10.6612
16.0000	16.0419	-0.0419	10.6936	-0.0006	10.6512
16.0000	16.0476	-0.0476	10.6889	-0.0006	10.6407
16.0000	16.0532	-0.0532	10.6835	-0.0006	10.6298
16.0000	16.0586	-0.0586	10.6777	-0.0005	10.6185
16.0000	16.0639	-0.0639	10.6713	-0.0005	10.6069
16.0000	16.0690	-0.0690	10.6644	-0.0005	10.5948
16.0000	16.0740	-0.0740	10.6570	-0.0005	10.5825
16.0000	16.0788	-0.0788	10.6491	-0.0005	10.5698
16.0000	16.0835	-0.0835	10.6408	-0.0005	10.5568
16.0000	16.0880	-0.0880	10.6319	-0.0005	10.5434
16.0000	16.0924	-0.0924	10.6227	-0.0004	10.5298
16.0000	16.0967	-0.0967	10.6130	-0.0004	10.5159
16.0000	16.1008	-0.1008	10.6030	-0.0004	10.5018
16.0000	16.1048	-0.1048	10.5925	-0.0004	10.4873
16.0000	16.1086	-0.1086	10.5816	-0.0004	10.4727
16.0000	16.1123	-0.1123	10.5704	-0.0004	10.4578
16.0000	16.1158	-0.1158	10.5588	-0.0004	10.4426
16.0000	16.1192	-0.1192	10.5469	-0.0003	10.4273
16.0000	16.1225	-0.1225	10.5346	-0.0003	10.4118
16.0000	16.1257	-0.1257	10.5221	-0.0003	10.3961
16.0000	16.1287	-0.1287	10.5092	-0.0003	10.3802
16.0000	16.1316	-0.1316	10.4960	-0.0003	10.3641
16.0000	16.1344	-0.1344	10.4826	-0.0003	10.3479
16.0000	16.1371	-0.1371	10.4689	-0.0003	10.3315
16.0000	16.1396	-0.1396	10.4549	-0.0003	10.3151
16.0000	16.1420	-0.1420	10.4407	-0.0002	10.2984
16.0000	16.1443	-0.1443	10.4263	-0.0002	10.2817
16.0000	16.1465	-0.1465	10.4116	-0.0002	10.2649
16.0000	16.1486	-0.1486	10.3968	-0.0002	10.2480
16.0000	16.1505	-0.1505	10.3817	-0.0002	10.2310
16.0000	16.1524	-0.1524	10.3665	-0.0002	10.2139
16.0000	16.1541	-0.1541	10.3511	-0.0002	10.1968
16.0000	16.1558	-0.1558	10.3355	-0.0002	10.1796
16.0000	16.1573	-0.1573	10.3198	-0.0002	10.1623
16.0000	16.1587	-0.1587	10.3039	-0.0001	10.1450
16.0000	16.1600	-0.1600	10.2879	-0.0001	10.1277
16.0000	16.1613	-0.1613	10.2718	-0.0001	10.1104
16.0000	16.1624	-0.1624	10.2555	-0.0001	10.0930
16.0000	16.1634	-0.1634	10.2392	-0.0001	10.0756
16.0000	16.1644	-0.1644	10.2227	-0.0001	10.0583
16.0000	16.1652	-0.1652	10.2062	-0.0001	10.0409
16.0000	16.1660	-0.1660	10.1896	-0.0001	10.0236
16.0000	16.1666	-0.1666	10.1730	-0.0001	10.0063
16.0000	16.1672	-0.1672	10.1562	-0.0001	9.9890
16.0000	16.1677	-0.1677	10.1395	-0.0000	9.9717
16.0000	16.1681	-0.1681	10.1227	-0.0000	9.9545
16.0000	16.1685	-0.1685	10.1058	-0.0000	9.9373
16.0000	16.1687	-0.1687	10.0889	-0.0000	9.9202
16.0000	16.1689	-0.1689	10.0721	-0.0000	9.9032
16.0000	16.1690	-0.1690	10.0552	-0.0000	9.8862
16.0000	16.1690	-0.1690	10.0383	-0.0000	9.8692
16.0000	16.1690	-0.1690	10.0214	0.0000	9.8524
16.0000	16.1688	-0.1688	10.0045	0.0000	9.8357
16.0000	16.1686	-0.1686	9.9876	0.0000	9.8190
16.0000	16.1684	-0.1684	9.9708	0.0000	9.8024
16.0000	16.1681	-0.1681	9.9540	0.0000	9.7859
16.0000	16.1677	-0.1677	9.9372	0.0000	9.7695
16.0000	16.1672	-0.1672	9.9205	0.0000	9.7533
16.0000	16.1667	-0.1667	9.9038	0.0001	9.7371
16.0000	16.1662	-0.1662	9.8872	0.0001	9.7211
16.0000	16.1655	-0.1655	9.8706	0.0001	9.7052
16.0000	16.1649	-0.1649	9.8541	0.0001	9.6894
16.0000	16.1641	-0.1641	9.8377	0.0001	9.6737
16.0000	16.1633	-0.1633	9.8214	0.0001	9.6581
16.0000	16.1625	-0.1625	9.8051	0.0001	9.6427
16.0000	16.1616	-0.1616	9.7890	0.0001	9.6275
16.0000	16.1607	-0.1607	9.7729	0.0001	9.6123
16.0000	16.1597	-0.1597	9.7569	0.0001	9.5973
16.0000	16.1587	-0.1587	9.7411	0.0001	9.5825
16.0000	16.1576	-0.1576	9.7253	0.0001	9.5678
16.0000	16.1565	-0.1565	9.7097	0.0001	9.5533
16.0000	16.1553	-0.1553	9.6941	0.0001	9.5389
16.0000	16.1542	-0.1542	9.6787	0.0001	9.5247
16.0000	16.1529	-0.1529	9.6634	0.0001	9.5106
16.0000	16.1517	-0.1517	9.6483	0.0001	9.4967
16.0000	16.1504	-0.1504	9.6332	0.0001	9.4830
16.0000	16.1490	-0.1490	9.6183	0.0001	9.4694
16.0000	16.1477	-0.1477	9.6036	0.0001	9.4560
16.0000	16.1463	-0.1463	9.5889	0.0001	9.4428
16.0000	16.1449	-0.1449	9.5744	0.0001	9.4297
16.0000	16.1434	-0.1434	9.5601	0.0001	9.4168
16.0000	16.1419	-0.1419	9.5459	0.0001	9.4041
16.0000	16.1404	-0.1404	9.5319	0.0002	9.3916
16.0000	16.1389	-0.1389	9.5180	0.0002	9.3792
16.0000	16.1373	-0.1373	9.5042	0.0002	9.3670
16.0000	16.1358	-0.1358	9.4907	0.0002	9.3550
16.0000	16.1342	-0.1342	9.4772	0.0002	9.3432
16.0000	16.1326	-0.1326	9.4640	0.0002	9.3316
16.0000	16.1309	-0.1309	9.4509	0.0002	9.3201
16.0000	16.1293	-0.1293	9.4380	0.0002	9.3088
16.0000	16.1276	-0.1276	9.4252	0.0002	9.2977
16.0000	16.1259	-0.1259	9.4126	0.0002	9.2868
16.0000	16.1243	-0.1243	9.4002	0.0002	9.2761
16.0000	16.1226	-0.1226	9.3879	0.0002	9.2655
16.0000	16.1208	-0.1208	9.3758	0.0002	9.2552
16.0000	16.1191	-0.1191	9.3639	0.0002	9.2450
16.0000	16.1174	-0.1174	9.3522	0.0002	9.2350
16.0000	16.1156	-0.1156	9.3406	0.0002	9.2252
16.0000	16.1139	-0.1139	9.3292	0.0002	9.2156
16.0000	16.1121	-0.1121	9.3180	0.0002	9.2061
16.0000	16.1103	-0.1103	9.3070	0.0002	9.1968
16.0000	16.1086	-0.1086	9.2961	0.0002	9.1878
16.0000	16.1068	-0.1068	9.2855	0.0002	9.1789
16.0000	16.1050	-0.1050	9.2750	0.0002	9.1701
16.0000	16.1032	-0.1032	9.2646	0.0002	9.1616
16.0000	16.1014	-0.1014	9.2545	0.0002	9.1532
16.0000	16.0997	-0.0997	9.2445	0.0002	9.1451
16.0000	16.0979	-0.0979	9.2347	0.0002	9.1370
16.0000	16.0961	-0.0961	9.2251	0.0002	9.1292
16.0000	16.0943	-0.0943	9.2157	0.0002	9.1216
16.0000	16.0925	-0.0925	9.2065	0.0002	9.1141
16.0000	16.0907	-0.0907	9.1974	0.0002	9.1068
16.0000	16.0890	-0.0890	9.1885	0.0002	9.0997
16.0000	16.0872	-0.0872	9.1798	0.0002	9.0927
16.0000	16.0854	-0.0854	9.1712	0.0002	9.0860
16.0000	16.0837	-0.0837	9.1629	0.0002	9.0794
16.0000	16.0819	-0.0819	9.1547	0.0002	9.0729
16.0000	16.0802	-0.0802	9.1466	0.0002	9.0667
16.0000	16.0784	-0.0784	9.1388	0.0002	9.0606
16.0000	16.0767	-0.0767	9.1311	0.0002	9.0546
16.0000	16.0750	-0.0750	9.1236	0.0002	9.0488
16.0000	16.0732	-0.0732	9.1163	0.0002	9.0432
16.0000	16.0715	-0.0715	9.1092	0.0002	9.0378
16.0000	16.0698	-0.0698	9.1022	0.0002	9.0325
16.0000	16.0682	-0.0682	9.0954	0.0002	9.0274
16.0000	16.0665	-0.0665	9.0887	0.0002	9.0224
16.0000	16.0648	-0.0648	9.0822	0.0002	9.0176
16.0000	16.0632	-0.0632	9.0759	0.0002	9.0129
16.0000	16.0615	-0.0615	9.0698	0.0002	9.0084
16.0000	16.0599	-0.0599	9.0638	0.0002	9.0040
16.0000	16.0583	-0.0583	9.0579	0.0002	8.9998
16.0000	16.0567	-0.0567	9.0523	0.0002	8.9958
16.0000	16.0551	-0.0551	9.0468	0.0002	8.9918
16.0000	16.0535	-0.0535	9.0414	0.0002	8.9881
16.0000	16.0520	-0.0520	9.0362	0.0002	8.9844
16.0000	16.0504	-0.0504	9.0312	0.0002	8.9809
16.0000	16.0489	-0.0489	9.0263	0.0002	8.9776
16.0000	16.0474	-0.0474	9.0216	0.0002	8.9743
16.0000	16.0459	-0.0459	9.0170	0.0001	8.9713
16.0000	16.0444	-0.0444	9.0125	0.0001	8.9683
16.0000	16.0429	-0.0429	9.0082	0.0001	8.9655
16.0000	16.0415	-0.0415	9.0041	0.0001	8.9628
16.0000	16.0400	-0.0400	9.0001	0.0001	8.9602
16.0000	16.0386	-0.0386	8.9962	0.0001	8.9578
16.0000	16.0372	-0.0372	8.9925	0.0001	8.9554
16.0000	16.0358	-0.0358	8.9889	0.0001	8.9532
16.0000	16.0345	-0.0345	8.9855	0.0001	8.9512
16.0000	16.0331	-0.0331	8.9822	0.0001	8.9492
16.0000	16.0318	-0.0318	8.9790	0.0001	8.9473
16.0000	16.0305	-0.0305	8.9759	0.0001	8.9456
16.0000	16.0292	-0.0292	8.9730	0.0001	8.9440
16.0000	16.0279	-0.0279	8.9702	0.0001	8.9425
16.0000	16.0267	-0.0267	8.9676	0.0001	8.9410
16.0000	16.0254	-0.0254	8.9650	0.0001	8.9397
16.0000	16.0242	-0.0242	8.9626	0.0001	8.9385
16.0000	16.0230	-0.0230	8.9603	0.0001	8.9374
16.0000	16.0218	-0.0218	8.9581	0.0001	8.9364
16.0000	16.0206	-0.0206	8.9561	0.0001	8.9355
16.0000	16.0195	-0.0195	8.9541	0.0001	8.9347
16.0000	16.0184	-0.0184	8.9523	0.0001	8.9340
16.0000	16.0173	-0.0173	8.9505	0.0001	8.9334
16.0000	16.0162	-0.0162	8.9489	0.0001	8.9329
16.0000	16.0151	-0.0151	8.9474	0.0001	8.9324
16.0000	16.0141	-0.0141	8.9460	0.0001	8.9321
16.0000	16.0130	-0.0130	8.9447	0.0001	8.9318
16.0000	16.0120	-0.0120	8.9435	0.0001	8.9316
16.0000	16.0110	-0.0110	8.9424	0.0001	8.9315
16.0000	16.0100	-0.0100	8.9414	0.0001	8.9315
16.0000	16.0091	-0.0091	8.9405	0.0001	8.9315
16.0000	16.0081	-0.0081	8.9397	0.0001	8.9316
16.0000	16.0072	-0.0072	8.9390	0.0001	8.9318
16.0000	16.0063	-0.0063	8.9383	0.0001	8.9321
16.0000	16.0054	-0.0054	8.9378	0.0001	8.9324
16.0000	16.0046	-0.0046	8.9373	0.0001	8.9329
16.0000	16.0037	-0.0037	8.9370	0.0001	8.9333
16.0000	16.0029	-0.0029	8.9367	0.0001	8.9339
16.0000	16.0021	-0.0021	8.9365	0.0001	8.9345
16.0000	16.0013	-0.0013	8.9363	0.0001	8.9351
16.0000	16.0005	-0.0005	8.9363	0.0001	8.9358
16.0000	15.9998	0.0002	8.9363	0.0001	8.9366
16.0000	15.9990	0.0010	8.9364	0.0001	8.9374
16.0000	15.9983	0.0017	8.9366	0.0001	8.9383
16.0000	15.9976	0.0024	8.9368	0.0001	8.9393
16.0000	15.9969	0.0031	8.9371	0.0001	8.9403
16.0000	15.9963	0.0037	8.9375	0.0001	8.9413
16.0000	15.9956	0.0044	8.9379	0.0001	8.9424
16.0000	15.9950	0.0050	8.9384	0.0001	8.9435
16.0000	15.9944	0.0056	8.9390	0.0001	8.9447
16.0000	15.9938	0.0062	8.9396	0.0001	8.9459
16.0000	15.9932	0.0068	8.9403	0.0001	8.9472
16.0000	15.9926	0.0074	8.9410	0.0001	8.9485
16.0000	15.9921	0.0079	8.9418	0.0001	8.9498
16.0000	15.9915	0.0085	8.9427	0.0001	8.9512
16.0000	15.9910	0.0090	8.9436	0.0001	8.9526
16.0000	15.9905	0.0095	8.9445	0.0000	8.9540
16.0000	15.9900	0.0100	8.9455	0.0000	8.9555
16.0000	15.9896	0.0104	8.9466	0.0000	8.9570
16.0000	15.9891	0.0109	8.9476	0.0000	8.9586
16.0000	15.9887	0.0113	8.9488	0.0000	8.9601
16.0000	15.9883	0.0117	8.9499	0.0000	8.9617
16.0000	15.9879	0.0121	8.9512	0.0000	8.9633
16.0000	15.9875	0.0125	8.9524	0.0000	8.9650
16.0000	15.9871	0.0129	8.9537	0.0000	8.9666
16.0000	15.9867	0.0133	8.9550	0.0000	8.9683
16.0000	15.9864	0.0136	8.9564	0.0000	8.9700
16.0000	15.9860	0.0140	8.9578	0.0000	8.9718
16.0000	15.9857	0.0143	8.9592	0.0000	8.9735
16.0000	15.9854	0.0146	8.9607	0.0000	8.9753
16.0000	15.9851	0.0149	8.9622	0.0000	8.9771
16.0000	15.9848	0.0152	8.9637	0.0000	8.9789
16.0000	15.9846	0.0154	8.9652	0.0000	8.9807
16.0000	15.9843	0.0157	8.9668	0.0000	8.9825
16.0000	15.9841	0.0159	8.9684	0.0000	8.9843
16.0000	15.9838	0.0162	8.9700	0.0000	8.9862
16.0000	15.9836	0.0164	8.9716	0.0000	8.9880
16.0000	15.9834	0.0166	8.9733	0.0000	8.9899
16.0000	15.9832	0.0168	8.9750	0.0000	8.9918
16.0000	15.9831	0.0169	8.9767	0.0000	8.9936
16.0000	15.9829	0.0171	8.9784	0.0000	8.9955
16.0000	15.9827	0.0173	8.9801	0.0000	8.9974
16.0000	15.9826	0.0174	8.9818	0.0000	8.9993
16.0000	15.9824	0.0176	8.9836	0.0000	9.0012
16.0000	15.9823	0.0177	8.9854	0.0000	9.0031
16.0000	15.9822	0.0178	8.9872	0.0000	9.0050
16.0000	15.9821	0.0179	8.9889	0.0000	9.0069
16.0000	15.9820	0.0180	8.9907	0.0000	9.0088
16.0000	15.9819	0.0181	8.9926	0.0000	9.0106
16.0000	15.9818	0.0182	8.9944	0.0000	9.0125
16.0000	15.9818	0.0182	8.9962	0.0000	9.0144
16.0000	15.9817	0.0183	8.9980	0.0000	9.0163
16.0000	15.9817	0.0183	8.9999	0.0000	9.0182
16.0000	15.9816	0.0184	9.0017	0.0000	9.0201
16.0000	15.9816	0.0184	9.0035	0.0000	9.0219
16.0000	15.9816	0.0184	9.0054	0.0000	9.0238
16.0000	15.9816	0.0184	9.0072	0.0000	9.0257
16.0000	15.9816	0.0184	9.0091	0.0000	9.0275
16.0000	15.9816	0.0184	9.0109	-0.0000	9.0293
16.0000	15.9816	0.0184	9.0127	-0.0000	9.0312
16.0000	15.9816	0.0184	9.0146	-0.0000	9.0330
16.0000	15.9816	0.0184	9.0164	-0.0000	9.0348
16.0000	15.9816	0.0184	9.0183	-0.0000	9.0366
16.0000	15.9817	0.0183	9.0201	-0.0000	9.0384
16.0000	15.9817	0.0183	9.0219	-0.0000	9.0402
16.0000	15.9818	0.0182	9.0237	-0.0000	9.0419
16.0000	15.9818	0.0182	9.0256	-0.0000	9.0437
16.0000	15.9819	0.0181	9.0274	-0.0000	9.0454
16.0000	15.9820	0.0180	9.0292	-0.0000	9.0472
16.0000	15.9821	0.0179	9.0310	-0.0000	9.0489
16.0000	15.9822	0.0178	9.0327	-0.0000	9.0506
16.0000	15.9822	0.0178	9.0345	-0.0000	9.0523
16.0000	15.9823	0.0177	9.0363	-0.0000	9.0539
16.0000	15.9824	0.0176	9.0380	-0.0000	9.0556
16.0000	15.9825	0.0175	9.0398	-0.0000	9.0572
16.0000	15.9827	0.0173	9.0415	-0.0000	9.0589
16.0000	15.9828	0.0172	9.0432	-0.0000	9.0605
16.0000	15.9829	0.0171	9.0450	-0.0000	9.0621
16.0000	15.9830	0.0170	9.0467	-0.0000	9.0636
16.0000	15.9831	0.0169	9.0483	-0.0000	9.0652
16.0000	15.9833	0.0167	9.0500	-0.0000	9.0667
16.0000	15.9834	0.0166	9.0517	-0.0000	9.0683
16.0000	15.9836	0.0164	9.0533	-0.0000	9.0698
16.0000	15.9837	0.0163	9.0550	-0.0000	9.0712
16.0000	15.9838	0.0162	9.0566	-0.0000	9.0727
16.0000	15.9840	0.0160	9.0582	-0.0000	9.0742
16.0000	15.9841	0.0159	9.0598	-0.0000	9.0756
16.0000	15.9843	0.0157	9.0613	-0.0000	9.0770
16.0000	15.9845	0.0155	9.0629	-0.0000	9.0784
16.0000	15.9846	0.0154	9.0644	-0.0000	9.0798
16.0000	15.9848	0.0152	9.0659	-0.0000	9.0811
16.0000	15.9850	0.0150	9.0674	-0.0000	9.0824
16.0000	15.9851	0.0149	9.0689	-0.0000	9.0838
16.0000	15.9853	0.0147	9.0704	-0.0000	9.0851
16.0000	15.9855	0.0145	9.0718	-0.0000	9.0863
16.0000	15.9857	0.0143	9.0733	-0.0000	9.0876
16.0000	15.9858	0.0142	9.0747	-0.0000	9.0888
16.0000	15.9860	0.0140	9.0761	-0.0000	9.0900
16.0000	15.9862	0.0138	9.0775	-0.0000	9.0912
16.0000	15.9864	0.0136	9.0788	-0.0000	9.0924
16.0000	15.9866	0.0134	9.0802	-0.0000	9.0936
16.0000	15.9868	0.0132	9.0815	-0.0000	9.0947
16.0000	15.9870	0.0130	9.0828	-0.0000	9.0958
16.0000	15.9871	0.0129	9.0841	-0.0000	9.0969
16.0000	15.9873	0.0127	9.0854	-0.0000	9.0980
16.0000	15.9875	0.0125	9.0866	-0.0000	9.0991
16.0000	15.9877	0.0123	9.0878	-0.0000	9.1001
16.0000	15.9879	0.0121	9.0890	-0.0000	9.1011
16.0000	15.9881	0.0119	9.0902	-0.0000	9.1021
16.0000	15.9883	0.0117	9.0914	-0.0000	9.1031
16.0000	15.9885	0.0115	9.0925	-0.0000	9.1040
16.0000	15.9887	0.0113	9.0937	-0.0000	9.1050
16.0000	15.9889	0.0111	9.0948	-0.0000	9.1059
16.0000	15.9891	0.0109	9.0959	-0.0000	9.1068
16.0000	15.9893	0.0107	9.0970	-0.0000	9.1077
16.0000	15.9895	0.0105	9.0980	-0.0000	9.1085
16.0000	15.9897	0.0103	9.0990	-0.0000	9.1094
16.0000	15.9899	0.0101	9.1001	-0.0000	9.1102
16.0000	15.9900	0.0100	9.1011	-0.0000	9.1110
16.0000	15.9902	0.0098	9.1020	-0.0000	9.1118
16.0000	15.9904	0.0096	9.1030	-0.0000	9.1125
16.0000	15.9906	0.0094	9.1039	-0.0000	9.1133
16.0000	15.9908	0.0092	9.1048	-0.0000	9.1140
16.0000	15.9910	0.0090	9.1057	-0.0000	9.1147
16.0000	15.9912	0.0088	9.1066	-0.0000	9.1154
16.0000	15.9914	0.0086	9.1075	-0.0000	9.1161
16.0000	15.9916	0.0084	9.1083	-0.0000	9.1167
16.0000	15.9918	0.0082	9.1092	-0.0000	9.1174
16.0000	15.9920	0.0080	9.1100	-0.0000	9.1180
16.0000	15.9921	0.0079	9.1107	-0.0000	9.1186
16.0000	15.9923	0.0077	9.1115	-0.0000	9.1192
16.0000	15.9925	0.0075	9.1123	-0.0000	9.1197
16.0000	15.9927	0.0073	9.1130	-0.0000	9.1203
16.0000	15.9929	0.0071	9.1137	-0.0000	9.1208
16.0000	15.9931	0.0069	9.1144	-0.0000	9.1213
16.0000	15.9932	0.0068	9.1151	-0.0000	9.1218
16.0000	15.9934	0.0066	9.1157	-0.0000	9.1223
16.0000	15.9936	0.0064	9.1164	-0.0000	9.1228
16.0000	15.9938	0.0062	9.1170	-0.0000	9.1232
16.0000	15.9939	0.0061	9.1176	-0.0000	9.1236
16.0000	15.9941	0.0059	9.1182	-0.0000	9.1241
16.0000	15.9943	0.0057	9.1188	-0.0000	9.1245
16.0000	15.9945	0.0055	9.1193	-0.0000	9.1248
16.0000	15.9946	0.0054	9.1199	-0.0000	9.1252
16.0000	15.9948	0.0052	9.1204	-0.0000	9.1256
16.0000	15.9950	0.0050	9.1209	-0.0000	9.1259
16.0000	15.9951	0.0049	9.1214	-0.0000	9.1262
16.0000	15.9953	0.0047	9.1218	-0.0000	9.1265
16.0000	15.9954	0.0046	9.1223	-0.0000	9.1268
1